[INFO ] 2024-04-09T01:10:56,740Z [main] manifests.Manifests. - 130 attributes loaded from 167 stream(s) in 1s, 130 saved, 2679 ignored: ["ActiveMQ-Version", "Agent-Class", "Ant-Version", "Application-Class", "Application-ID", "Application-Library-Allowable-Codebase", "Application-Name", "Application-Version", "Apr-Version", "Archiver-Version", "Automatic-Module-Name", "Bnd-LastModified", "BoringSSL-Branch", "BoringSSL-Revision", "Branch", "Build-Date", "Build-Host", "Build-Id", "Build-Java-Version", "Build-Jdk", "Build-Jdk-Spec", "Build-Job", "Build-Number", "Build-Time", "Build-Timestamp", "Build-Version", "Built-By", "Built-OS", "Built-Status", "Bundle-Activator", "Bundle-Category", "Bundle-ClassPath", "Bundle-Description", "Bundle-DocURL", "Bundle-License", "Bundle-ManifestVersion", "Bundle-Name", "Bundle-NativeCode", "Bundle-RequiredExecutionEnvironment", "Bundle-SymbolicName", "Bundle-Vendor", "Bundle-Version", "Caller-Allowable-Codebase", "Can-Redefine-Classes", "Can-Retransform-Classes", "Can-Set-Native-Method-Prefix", "Caplets", "Change", "Class-Path", "Codebase", "Corda-DJVM-Dependencies", "Corda-Deterministic-Classpath", "Corda-Deterministic-Runtime", "Corda-Docs-Link", "Corda-Platform-Version", "Corda-Release-Version", "Corda-Revision", "Corda-Vendor", "Created-By", "DynamicImport-Package", "Eclipse-BuddyPolicy", "Eclipse-LazyStart", "Export-Package", "Extension-Name", "Fragment-Host", "Git-Revision", "Git-Url", "Gradle-Version", "Hibernate-JpaVersion", "Hibernate-VersionFamily", "Implementation-Build", "Implementation-Build-Date", "Implementation-Build-Id", "Implementation-Title", "Implementation-URL", "Implementation-Url", "Implementation-Vendor", "Implementation-Vendor-Id", "Implementation-Version", "Import-Package", "Include-Resource", "JCabi-Build", "JCabi-Date", "JCabi-Version", "JVM-Args", "Java-Agents", "Java-Vendor", "Java-Version", "Kotlin-Runtime-Component", "Kotlin-Version", "Liquibase-Package", "Log4jReleaseKey", "Log4jReleaseManager", "Log4jReleaseVersion", "Main-Class", "Main-class", "Major-Version", "Manifest-Version", "Min-Java-Version", "Min-Update-Version", "Module-Email", "Module-Origin", "Module-Owner", "Module-Source", "Multi-Release", "Originally-Created-By", "Os-Arch", "Os-Name", "Os-Version", "Permissions", "Premain-Class", "Private-Package", "Provide-Capability", "Require-Capability", "SCM-Revision", "SCM-url", "Scm-Connection", "Scm-Revision", "Scm-Url", "Sealed", "Service-Component", "Specification-Title", "Specification-Vendor", "Specification-Version", "System-Properties", "Tool", "Trusted-Library", "URL", "X-Compile-Source-JDK", "X-Compile-Target-JDK"]
[INFO ] 2024-04-09T01:10:57,156Z [main] BasicInfo. - Logs can be found in                    : /Users/athikafatima/Desktop/cbdc/wholesaleCBDC/build/nodes/UKMint/logs
[INFO ] 2024-04-09T01:11:03,636Z [main] subcommands.ValidateConfigurationCli. - Actual configuration:
{
    "additionalNodeInfoPollingFrequencyMsec" : 5000,
    "additionalP2PAddresses" : [],
    "baseDirectory" : "/Users/athikafatima/Desktop/cbdc/wholesaleCBDC/build/nodes/UKMint",
    "blacklistedAttachmentSigningKeys" : [],
    "certificateChainCheckPolicies" : [],
    "cordappSignerKeyFingerprintBlacklist" : [
        "56CA54E803CB87C8472EBD3FBC6A2F1876E814CEEBF74860BD46997F40729367",
        "83088052AF16700457AE2C978A7D8AC38DD6A7C713539D00B897CD03A5E5D31D",
        "6F6696296C3F58B55FB6CA865A025A3A6CC27AD17C4AFABA1E8EF062E0A82739"
    ],
    "crlCheckArtemisServer" : false,
    "crlCheckSoftFail" : true,
    "dataSourceProperties" : "*****",
    "database" : {
        "exportHibernateJMXStatistics" : false,
        "mappedSchemaCacheSize" : 100
    },
    "detectPublicIp" : false,
    "devMode" : true,
    "emailAddress" : "admin@company.com",
    "extraNetworkMapKeys" : [],
    "flowExternalOperationThreadPoolSize" : 8,
    "flowMonitorPeriodMillis" : {
        "nanos" : 0,
        "seconds" : 60
    },
    "flowMonitorSuspensionLoggingThresholdMillis" : {
        "nanos" : 0,
        "seconds" : 60
    },
    "flowTimeout" : {
        "backoffBase" : 1.8,
        "maxRestartCount" : 6,
        "timeout" : {
            "nanos" : 0,
            "seconds" : 30
        }
    },
    "jarDirs" : [],
    "jmxReporterType" : "JOLOKIA",
    "keyStorePassword" : "*****",
    "lazyBridgeStart" : true,
    "localShellAllowExitInSafeMode" : true,
    "localShellUnsafe" : false,
    "myLegalName" : "O=UK Mint, L=London, C=GB",
    "networkParameterAcceptanceSettings" : {
        "autoAcceptEnabled" : true,
        "excludedAutoAcceptableParameters" : []
    },
    "noLocalShell" : false,
    "p2pAddress" : "localhost:10005",
    "quasarExcludePackages" : [],
    "reloadCheckpointAfterSuspend" : false,
    "rpcSettings" : {
        "address" : "localhost:10006",
        "adminAddress" : "localhost:10046",
        "standAloneBroker" : false,
        "useSsl" : false
    },
    "rpcUsers" : [],
    "security" : {
        "authService" : {
            "dataSource" : {
                "passwordEncryption" : "NONE",
                "type" : "INMEMORY",
                "users" : [
                    {
                        "ignoresFallbacks" : false,
                        "resolved" : true,
                        "value" : {
                            "loadFactor" : 0.75,
                            "modCount" : 3,
                            "size" : 3,
                            "table" : {},
                            "threshold" : 3
                        }
                    }
                ]
            }
        }
    },
    "trustStorePassword" : "*****",
    "useTestClock" : false,
    "verifierType" : "InMemory"
}

[INFO ] 2024-04-09T01:11:03,804Z [main] internal.Node. - Vendor: Corda Open Source
[INFO ] 2024-04-09T01:11:03,805Z [main] internal.Node. - Release: 4.8
[INFO ] 2024-04-09T01:11:03,805Z [main] internal.Node. - Platform Version: 10
[INFO ] 2024-04-09T01:11:03,805Z [main] internal.Node. - Revision: d7a710c80300d1d9b79513a5d8d137361a2599a8
[INFO ] 2024-04-09T01:11:03,835Z [main] internal.Node. - PID: 7870
[INFO ] 2024-04-09T01:11:03,836Z [main] internal.Node. - Main class: /Users/athikafatima/.capsule/apps/net.corda.node.Corda_4.8/corda-node-4.8.jar
[INFO ] 2024-04-09T01:11:03,836Z [main] internal.Node. - CommandLine Args: -Xmx512m -XX:+UseG1GC -XX:+HeapDumpOnOutOfMemoryError -XX:+CrashOnOutOfMemoryError -agentlib:jdwp=transport=dt_socket,server=y,suspend=n,address=5008 -javaagent:drivers/jolokia-jvm-1.6.0-agent.jar=port=7008,logHandlerClass=net.corda.node.JolokiaSlf4jAdapter -javaagent:/Users/athikafatima/.capsule/apps/net.corda.node.Corda_4.8/quasar-core-0.7.13_r3.jar=x(antlr**;bftsmart**;co.paralleluniverse**;com.codahale**;com.esotericsoftware**;com.fasterxml**;com.google**;com.ibm**;com.intellij**;com.jcabi**;com.nhaarman**;com.opengamma**;com.typesafe**;com.zaxxer**;de.javakaffee**;groovy**;groovyjarjarantlr**;groovyjarjarasm**;io.atomix**;io.github**;io.netty**;jdk**;kotlin**;net.corda.djvm**;djvm**;net.bytebuddy**;net.i2p**;org.apache**;org.bouncycastle**;org.codehaus**;org.crsh**;org.dom4j**;org.fusesource**;org.h2**;org.hibernate**;org.jboss**;org.jcp**;org.joda**;org.objectweb**;org.objenesis**;org.slf4j**;org.w3c**;org.xml**;org.yaml**;reflectasm**;rx**;org.jolokia**;com.lmax**;picocli**;liquibase**;com.github.benmanes**;org.json**;org.postgresql**;nonapi.io.github.classgraph**)l(net.corda.djvm.**;net.corda.core.serialization.internal.**) -Dvisualvm.display.name=Corda -Djava.library.path=/Users/athikafatima/Library/Java/Extensions:/Library/Java/Extensions:/Network/Library/Java/Extensions:/System/Library/Java/Extensions:/usr/lib/java:/Users/athikafatima/.capsule/apps/net.corda.node.Corda_4.8 -Dcapsule.app=net.corda.node.Corda_4.8 -Dname=UKMint -Dcapsule.dir=/Users/athikafatima/.capsule/apps/net.corda.node.Corda_4.8 -Dcapsule.jar=/Users/athikafatima/Desktop/cbdc/wholesaleCBDC/build/nodes/UKMint/corda.jar
[INFO ] 2024-04-09T01:11:03,836Z [main] internal.Node. - bootclasspath: /Library/Java/JavaVirtualMachines/zulu-8.jdk/Contents/Home/jre/lib/resources.jar:/Library/Java/JavaVirtualMachines/zulu-8.jdk/Contents/Home/jre/lib/rt.jar:/Library/Java/JavaVirtualMachines/zulu-8.jdk/Contents/Home/jre/lib/sunrsasign.jar:/Library/Java/JavaVirtualMachines/zulu-8.jdk/Contents/Home/jre/lib/jsse.jar:/Library/Java/JavaVirtualMachines/zulu-8.jdk/Contents/Home/jre/lib/jce.jar:/Library/Java/JavaVirtualMachines/zulu-8.jdk/Contents/Home/jre/lib/charsets.jar:/Library/Java/JavaVirtualMachines/zulu-8.jdk/Contents/Home/jre/lib/jfr.jar:/Library/Java/JavaVirtualMachines/zulu-8.jdk/Contents/Home/jre/lib/cat.jar:/Library/Java/JavaVirtualMachines/zulu-8.jdk/Contents/Home/jre/classes
[INFO ] 2024-04-09T01:11:03,836Z [main] internal.Node. - classpath: /Users/athikafatima/Desktop/cbdc/wholesaleCBDC/build/nodes/UKMint/corda.jar:/Users/athikafatima/.capsule/apps/net.corda.node.Corda_4.8/corda-shell-4.8.jar:/Users/athikafatima/.capsule/apps/net.corda.node.Corda_4.8/corda-rpc-4.8.jar:/Users/athikafatima/.capsule/apps/net.corda.node.Corda_4.8/corda-node-api-4.8.jar:/Users/athikafatima/.capsule/apps/net.corda.node.Corda_4.8/corda-tools-cliutils-4.8.jar:/Users/athikafatima/.capsule/apps/net.corda.node.Corda_4.8/corda-common-configuration-parsing-4.8.jar:/Users/athikafatima/.capsule/apps/net.corda.node.Corda_4.8/corda-common-validation-4.8.jar:/Users/athikafatima/.capsule/apps/net.corda.node.Corda_4.8/corda-common-logging-4.8.jar:/Users/athikafatima/.capsule/apps/net.corda.node.Corda_4.8/corda-confidential-identities-4.8.jar:/Users/athikafatima/.capsule/apps/net.corda.node.Corda_4.8/log4j-slf4j-impl-2.13.3.jar:/Users/athikafatima/.capsule/apps/net.corda.node.Corda_4.8/log4j-web-2.13.3.jar:/Users/athikafatima/.capsule/apps/net.corda.node.Corda_4.8/jul-to-slf4j-1.7.30.jar:/Users/athikafatima/.capsule/apps/net.corda.node.Corda_4.8/corda-serialization-djvm-4.8.jar:/Users/athikafatima/.capsule/apps/net.corda.node.Corda_4.8/corda-djvm-1.1.1.jar:/Users/athikafatima/.capsule/apps/net.corda.node.Corda_4.8/corda-jackson-4.8.jar:/Users/athikafatima/.capsule/apps/net.corda.node.Corda_4.8/corda-serialization-4.8.jar:/Users/athikafatima/.capsule/apps/net.corda.node.Corda_4.8/corda-core-4.8.jar:/Users/athikafatima/.capsule/apps/net.corda.node.Corda_4.8/kotlin-stdlib-jdk8-1.2.71.jar:/Users/athikafatima/.capsule/apps/net.corda.node.Corda_4.8/jackson-module-kotlin-2.9.7.jar:/Users/athikafatima/.capsule/apps/net.corda.node.Corda_4.8/kotlin-reflect-1.2.71.jar:/Users/athikafatima/.capsule/apps/net.corda.node.Corda_4.8/jansi-1.18.jar:/Users/athikafatima/.capsule/apps/net.corda.node.Corda_4.8/metrics-new-relic-1.1.1.jar:/Users/athikafatima/.capsule/apps/net.corda.node.Corda_4.8/quasar-core-0.7.13_r3.jar:/Users/athikafatima/.capsule/apps/net.corda.node.Corda_4.8/guava-28.0-jre.jar:/Users/athikafatima/.capsule/apps/net.corda.node.Corda_4.8/caffeine-2.7.0.jar:/Users/athikafatima/.capsule/apps/net.corda.node.Corda_4.8/disruptor-3.4.2.jar:/Users/athikafatima/.capsule/apps/net.corda.node.Corda_4.8/commons-collections4-4.3.jar:/Users/athikafatima/.capsule/apps/net.corda.node.Corda_4.8/artemis-amqp-protocol-2.6.2.jar:/Users/athikafatima/.capsule/apps/net.corda.node.Corda_4.8/artemis-server-2.6.2.jar:/Users/athikafatima/.capsule/apps/net.corda.node.Corda_4.8/artemis-jdbc-store-2.6.2.jar:/Users/athikafatima/.capsule/apps/net.corda.node.Corda_4.8/artemis-jms-client-2.6.2.jar:/Users/athikafatima/.capsule/apps/net.corda.node.Corda_4.8/artemis-core-client-2.6.2.jar:/Users/athikafatima/.capsule/apps/net.corda.node.Corda_4.8/artemis-journal-2.6.2.jar:/Users/athikafatima/.capsule/apps/net.corda.node.Corda_4.8/artemis-commons-2.6.2.jar:/Users/athikafatima/.capsule/apps/net.corda.node.Corda_4.8/shiro-core-1.4.1.jar:/Users/athikafatima/.capsule/apps/net.corda.node.Corda_4.8/shiro-config-ogdl-1.4.1.jar:/Users/athikafatima/.capsule/apps/net.corda.node.Corda_4.8/commons-beanutils-1.9.4.jar:/Users/athikafatima/.capsule/apps/net.corda.node.Corda_4.8/jcabi-manifests-1.1.jar:/Users/athikafatima/.capsule/apps/net.corda.node.Corda_4.8/metrics-jmx-4.1.0.jar:/Users/athikafatima/.capsule/apps/net.corda.node.Corda_4.8/config-1.3.4.jar:/Users/athikafatima/.capsule/apps/net.corda.node.Corda_4.8/corda-node-djvm-4.8.jar:/Users/athikafatima/.capsule/apps/net.corda.node.Corda_4.8/h2-1.4.199.jar:/Users/athikafatima/.capsule/apps/net.corda.node.Corda_4.8/HikariCP-3.3.1.jar:/Users/athikafatima/.capsule/apps/net.corda.node.Corda_4.8/hibernate-java8-5.4.3.Final.jar:/Users/athikafatima/.capsule/apps/net.corda.node.Corda_4.8/hibernate-core-5.4.3.Final.jar:/Users/athikafatima/.capsule/apps/net.corda.node.Corda_4.8/okhttp-3.14.2.jar:/Users/athikafatima/.capsule/apps/net.corda.node.Corda_4.8/picocli-3.9.6.jar:/Users/athikafatima/.capsule/apps/net.corda.node.Corda_4.8/library-master-v1.1-beta-g6215ec8-87.jar:/Users/athikafatima/.capsule/apps/net.corda.node.Corda_4.8/commons-codec-1.13.jar:/Users/athikafatima/.capsule/apps/net.corda.node.Corda_4.8/copycat-client-1.2.3.jar:/Users/athikafatima/.capsule/apps/net.corda.node.Corda_4.8/copycat-server-1.2.3.jar:/Users/athikafatima/.capsule/apps/net.corda.node.Corda_4.8/catalyst-netty-1.1.2.jar:/Users/athikafatima/.capsule/apps/net.corda.node.Corda_4.8/jolokia-jvm-1.6.1-agent.jar:/Users/athikafatima/.capsule/apps/net.corda.node.Corda_4.8/netty-tcnative-boringssl-static-2.0.29.Final.jar:/Users/athikafatima/.capsule/apps/net.corda.node.Corda_4.8/kotlin-stdlib-jre8-1.2.71.jar:/Users/athikafatima/.capsule/apps/net.corda.node.Corda_4.8/netty-handler-proxy-4.1.46.Final.jar:/Users/athikafatima/.capsule/apps/net.corda.node.Corda_4.8/proton-j-0.33.0.jar:/Users/athikafatima/.capsule/apps/net.corda.node.Corda_4.8/classgraph-4.8.90.jar:/Users/athikafatima/.capsule/apps/net.corda.node.Corda_4.8/kryo-serializers-0.43.jar:/Users/athikafatima/.capsule/apps/net.corda.node.Corda_4.8/kryo-4.0.2.jar:/Users/athikafatima/.capsule/apps/net.corda.node.Corda_4.8/liquibase-core-3.6.3.jar:/Users/athikafatima/.capsule/apps/net.corda.node.Corda_4.8/jackson-datatype-jsr310-2.9.7.jar:/Users/athikafatima/.capsule/apps/net.corda.node.Corda_4.8/jackson-databind-2.9.7.jar:/Users/athikafatima/.capsule/apps/net.corda.node.Corda_4.8/liquibase-slf4j-2.0.0.jar:/Users/athikafatima/.capsule/apps/net.corda.node.Corda_4.8/crash.connectors.ssh-1.7.4.jar:/Users/athikafatima/.capsule/apps/net.corda.node.Corda_4.8/crash.shell-1.7.4.jar:/Users/athikafatima/.capsule/apps/net.corda.node.Corda_4.8/log4j-core-2.13.3.jar:/Users/athikafatima/.capsule/apps/net.corda.node.Corda_4.8/commons-io-2.6.jar:/Users/athikafatima/.capsule/apps/net.corda.node.Corda_4.8/jcabi-log-0.14.jar:/Users/athikafatima/.capsule/apps/net.corda.node.Corda_4.8/metrics-core-4.1.0.jar:/Users/athikafatima/.capsule/apps/net.corda.node.Corda_4.8/shiro-cache-1.4.1.jar:/Users/athikafatima/.capsule/apps/net.corda.node.Corda_4.8/shiro-crypto-hash-1.4.1.jar:/Users/athikafatima/.capsule/apps/net.corda.node.Corda_4.8/shiro-crypto-cipher-1.4.1.jar:/Users/athikafatima/.capsule/apps/net.corda.node.Corda_4.8/shiro-config-core-1.4.1.jar:/Users/athikafatima/.capsule/apps/net.corda.node.Corda_4.8/shiro-event-1.4.1.jar:/Users/athikafatima/.capsule/apps/net.corda.node.Corda_4.8/shiro-crypto-core-1.4.1.jar:/Users/athikafatima/.capsule/apps/net.corda.node.Corda_4.8/shiro-lang-1.4.1.jar:/Users/athikafatima/.capsule/apps/net.corda.node.Corda_4.8/copycat-protocol-1.2.3.jar:/Users/athikafatima/.capsule/apps/net.corda.node.Corda_4.8/catalyst-transport-1.1.2.jar:/Users/athikafatima/.capsule/apps/net.corda.node.Corda_4.8/jcl-over-slf4j-1.7.30.jar:/Users/athikafatima/.capsule/apps/net.corda.node.Corda_4.8/mina-core-2.0.16.jar:/Users/athikafatima/.capsule/apps/net.corda.node.Corda_4.8/catalyst-concurrent-1.1.2.jar:/Users/athikafatima/.capsule/apps/net.corda.node.Corda_4.8/catalyst-serializer-1.1.2.jar:/Users/athikafatima/.capsule/apps/net.corda.node.Corda_4.8/catalyst-buffer-1.1.2.jar:/Users/athikafatima/.capsule/apps/net.corda.node.Corda_4.8/catalyst-common-1.1.2.jar:/Users/athikafatima/.capsule/apps/net.corda.node.Corda_4.8/slf4j-api-1.7.30.jar:/Users/athikafatima/.capsule/apps/net.corda.node.Corda_4.8/log4j-api-2.13.3.jar:/Users/athikafatima/.capsule/apps/net.corda.node.Corda_4.8/kotlin-stdlib-jdk7-1.2.71.jar:/Users/athikafatima/.capsule/apps/net.corda.node.Corda_4.8/kotlin-stdlib-jre7-1.2.71.jar:/Users/athikafatima/.capsule/apps/net.corda.node.Corda_4.8/kotlin-stdlib-1.2.71.jar:/Users/athikafatima/.capsule/apps/net.corda.node.Corda_4.8/failureaccess-1.0.1.jar:/Users/athikafatima/.capsule/apps/net.corda.node.Corda_4.8/listenablefuture-9999.0-empty-to-avoid-conflict-with-guava.jar:/Users/athikafatima/.capsule/apps/net.corda.node.Corda_4.8/jsr305-3.0.2.jar:/Users/athikafatima/.capsule/apps/net.corda.node.Corda_4.8/checker-qual-2.8.1.jar:/Users/athikafatima/.capsule/apps/net.corda.node.Corda_4.8/error_prone_annotations-2.3.3.jar:/Users/athikafatima/.capsule/apps/net.corda.node.Corda_4.8/j2objc-annotations-1.3.jar:/Users/athikafatima/.capsule/apps/net.corda.node.Corda_4.8/animal-sniffer-annotations-1.17.jar:/Users/athikafatima/.capsule/apps/net.corda.node.Corda_4.8/commons-collections-3.2.2.jar:/Users/athikafatima/.capsule/apps/net.corda.node.Corda_4.8/artemis-native-2.6.2.jar:/Users/athikafatima/.capsule/apps/net.corda.node.Corda_4.8/hibernate-commons-annotations-5.1.0.Final.jar:/Users/athikafatima/.capsule/apps/net.corda.node.Corda_4.8/jboss-logging-3.3.2.Final.jar:/Users/athikafatima/.capsule/apps/net.corda.node.Corda_4.8/artemis-selector-2.6.2.jar:/Users/athikafatima/.capsule/apps/net.corda.node.Corda_4.8/netty-codec-http-4.1.46.Final.jar:/Users/athikafatima/.capsule/apps/net.corda.node.Corda_4.8/netty-handler-4.1.46.Final.jar:/Users/athikafatima/.capsule/apps/net.corda.node.Corda_4.8/netty-transport-native-epoll-4.1.46.Final-linux-x86_64.jar:/Users/athikafatima/.capsule/apps/net.corda.node.Corda_4.8/netty-transport-native-kqueue-4.1.46.Final-osx-x86_64.jar:/Users/athikafatima/.capsule/apps/net.corda.node.Corda_4.8/netty-codec-socks-4.1.46.Final.jar:/Users/athikafatima/.capsule/apps/net.corda.node.Corda_4.8/netty-codec-4.1.46.Final.jar:/Users/athikafatima/.capsule/apps/net.corda.node.Corda_4.8/netty-transport-native-unix-common-4.1.46.Final.jar:/Users/athikafatima/.capsule/apps/net.corda.node.Corda_4.8/netty-transport-4.1.46.Final.jar:/Users/athikafatima/.capsule/apps/net.corda.node.Corda_4.8/netty-buffer-4.1.46.Final.jar:/Users/athikafatima/.capsule/apps/net.corda.node.Corda_4.8/netty-resolver-4.1.46.Final.jar:/Users/athikafatima/.capsule/apps/net.corda.node.Corda_4.8/netty-common-4.1.46.Final.jar:/Users/athikafatima/.capsule/apps/net.corda.node.Corda_4.8/geronimo-json_1.0_spec-1.0-alpha-1.jar:/Users/athikafatima/.capsule/apps/net.corda.node.Corda_4.8/jgroups-3.6.13.Final.jar:/Users/athikafatima/.capsule/apps/net.corda.node.Corda_4.8/johnzon-core-0.9.5.jar:/Users/athikafatima/.capsule/apps/net.corda.node.Corda_4.8/corda-deserializers-djvm-4.8.jar:/Users/athikafatima/.capsule/apps/net.corda.node.Corda_4.8/javax.persistence-api-2.2.jar:/Users/athikafatima/.capsule/apps/net.corda.node.Corda_4.8/javassist-3.24.0-GA.jar:/Users/athikafatima/.capsule/apps/net.corda.node.Corda_4.8/byte-buddy-1.9.10.jar:/Users/athikafatima/.capsule/apps/net.corda.node.Corda_4.8/antlr-2.7.7.jar:/Users/athikafatima/.capsule/apps/net.corda.node.Corda_4.8/jboss-transaction-api_1.2_spec-1.1.1.Final.jar:/Users/athikafatima/.capsule/apps/net.corda.node.Corda_4.8/jandex-2.0.5.Final.jar:/Users/athikafatima/.capsule/apps/net.corda.node.Corda_4.8/classmate-1.3.4.jar:/Users/athikafatima/.capsule/apps/net.corda.node.Corda_4.8/jaxb-runtime-2.3.1.jar:/Users/athikafatima/.capsule/apps/net.corda.node.Corda_4.8/jaxb-api-2.3.1.jar:/Users/athikafatima/.capsule/apps/net.corda.node.Corda_4.8/javax.activation-api-1.2.0.jar:/Users/athikafatima/.capsule/apps/net.corda.node.Corda_4.8/dom4j-2.1.1.jar:/Users/athikafatima/.capsule/apps/net.corda.node.Corda_4.8/okio-1.17.2.jar:/Users/athikafatima/.capsule/apps/net.corda.node.Corda_4.8/jolokia-core-1.6.1.jar:/Users/athikafatima/.capsule/apps/net.corda.node.Corda_4.8/json-simple-1.1.1.jar:/Users/athikafatima/.capsule/apps/net.corda.node.Corda_4.8/newrelic-api-3.10.0.jar:/Users/athikafatima/.capsule/apps/net.corda.node.Corda_4.8/LatencyUtils-2.0.3.jar:/Users/athikafatima/.capsule/apps/net.corda.node.Corda_4.8/HdrHistogram-2.1.9.jar:/Users/athikafatima/.capsule/apps/net.corda.node.Corda_4.8/reflectasm-1.11.3.jar:/Users/athikafatima/.capsule/apps/net.corda.node.Corda_4.8/asm-analysis-5.2.jar:/Users/athikafatima/.capsule/apps/net.corda.node.Corda_4.8/asm-commons-5.2.jar:/Users/athikafatima/.capsule/apps/net.corda.node.Corda_4.8/asm-util-5.2.jar:/Users/athikafatima/.capsule/apps/net.corda.node.Corda_4.8/asm-tree-5.2.jar:/Users/athikafatima/.capsule/apps/net.corda.node.Corda_4.8/asm-7.1.jar:/Users/athikafatima/.capsule/apps/net.corda.node.Corda_4.8/rxjava-1.3.8.jar:/Users/athikafatima/.capsule/apps/net.corda.node.Corda_4.8/commons-lang3-3.9.jar:/Users/athikafatima/.capsule/apps/net.corda.node.Corda_4.8/eddsa-0.3.0.jar:/Users/athikafatima/.capsule/apps/net.corda.node.Corda_4.8/bcpkix-jdk15on-1.68.jar:/Users/athikafatima/.capsule/apps/net.corda.node.Corda_4.8/bcprov-jdk15on-1.68.jar:/Users/athikafatima/.capsule/apps/net.corda.node.Corda_4.8/snappy-0.4.jar:/Users/athikafatima/.capsule/apps/net.corda.node.Corda_4.8/minlog-1.3.0.jar:/Users/athikafatima/.capsule/apps/net.corda.node.Corda_4.8/objenesis-2.5.1.jar:/Users/athikafatima/.capsule/apps/net.corda.node.Corda_4.8/jackson-dataformat-yaml-2.9.7.jar:/Users/athikafatima/.capsule/apps/net.corda.node.Corda_4.8/snakeyaml-1.23.jar:/Users/athikafatima/.capsule/apps/net.corda.node.Corda_4.8/jackson-annotations-2.9.0.jar:/Users/athikafatima/.capsule/apps/net.corda.node.Corda_4.8/jackson-core-2.9.7.jar:/Users/athikafatima/.capsule/apps/net.corda.node.Corda_4.8/crash.cli-1.7.4.jar:/Users/athikafatima/.capsule/apps/net.corda.node.Corda_4.8/groovy-all-1.8.9.jar:/Users/athikafatima/.capsule/apps/net.corda.node.Corda_4.8/sshd-pam-0.11.0.jar:/Users/athikafatima/.capsule/apps/net.corda.node.Corda_4.8/sshd-core-2.3.0.jar:/Users/athikafatima/.capsule/apps/net.corda.node.Corda_4.8/kotlin-stdlib-common-1.2.71.jar:/Users/athikafatima/.capsule/apps/net.corda.node.Corda_4.8/annotations-13.0.jar:/Users/athikafatima/.capsule/apps/net.corda.node.Corda_4.8/txw2-2.3.1.jar:/Users/athikafatima/.capsule/apps/net.corda.node.Corda_4.8/istack-commons-runtime-3.0.7.jar:/Users/athikafatima/.capsule/apps/net.corda.node.Corda_4.8/stax-ex-1.8.jar:/Users/athikafatima/.capsule/apps/net.corda.node.Corda_4.8/FastInfoset-1.2.15.jar:/Users/athikafatima/.capsule/apps/net.corda.node.Corda_4.8/geronimo-jms_2.0_spec-1.0-alpha-2.jar:/Users/athikafatima/.capsule/apps/net.corda.node.Corda_4.8/sshd-common-2.3.0.jar:/Users/athikafatima/.capsule/apps/net.corda.node.Corda_4.8/jpam-1.1.jar:/Users/athikafatima/.capsule/apps/net.corda.node.Corda_4.8/corda-node-4.8.jar:/Users/athikafatima/Desktop/cbdc/wholesaleCBDC/build/nodes/UKMint/drivers/jolokia-jvm-1.6.0-agent.jar:drivers/jolokia-jvm-1.6.0-agent.jar:/Users/athikafatima/.capsule/apps/net.corda.node.Corda_4.8/quasar-core-0.7.13_r3.jar
[INFO ] 2024-04-09T01:11:03,836Z [main] internal.Node. - VM OpenJDK 64-Bit Server VM Azul Systems, Inc. 25.402-b06
[INFO ] 2024-04-09T01:11:03,836Z [main] internal.Node. - Machine: Athikas-MacBook-Pro.local
[INFO ] 2024-04-09T01:11:03,836Z [main] internal.Node. - Working Directory: /Users/athikafatima/Desktop/cbdc/wholesaleCBDC/build/nodes/UKMint
[INFO ] 2024-04-09T01:11:03,841Z [main] internal.Node. - Debug port: 5008
[INFO ] 2024-04-09T01:11:03,841Z [main] internal.Node. - Starting as node on localhost:10005
[INFO ] 2024-04-09T01:11:04,531Z [main] cordapp.JarScanningCordappLoader. - Looking for CorDapps in [/Users/athikafatima/Desktop/cbdc/wholesaleCBDC/build/nodes/UKMint/cordapps]
[INFO ] 2024-04-09T01:11:04,652Z [main] cordapp.JarScanningCordappLoader. - Loading CorDapps from RestrictedURL(url=file:/Users/athikafatima/Desktop/cbdc/wholesaleCBDC/build/nodes/UKMint/cordapps/tokens-workflows-1.2.5.jar, rootPackageName=null), RestrictedURL(url=file:/Users/athikafatima/Desktop/cbdc/wholesaleCBDC/build/nodes/UKMint/cordapps/tokens-contracts-1.2.5.jar, rootPackageName=null), RestrictedURL(url=file:/Users/athikafatima/Desktop/cbdc/wholesaleCBDC/build/nodes/UKMint/cordapps/ci-workflows-1.1.1.jar, rootPackageName=null), RestrictedURL(url=file:/Users/athikafatima/Desktop/cbdc/wholesaleCBDC/build/nodes/UKMint/cordapps/contracts-1.0.jar, rootPackageName=null), RestrictedURL(url=file:/Users/athikafatima/Desktop/cbdc/wholesaleCBDC/build/nodes/UKMint/cordapps/workflows-1.0.jar, rootPackageName=null)
[INFO ] 2024-04-09T01:11:04,708Z [main] cordapp.JarScanningCordappLoader. - Scanning CorDapp in file:/Users/athikafatima/Desktop/cbdc/wholesaleCBDC/build/nodes/UKMint/cordapps/tokens-workflows-1.2.5.jar
[INFO ] 2024-04-09T01:11:08,887Z [main] cordapp.JarScanningCordappLoader. - Scanning CorDapp in file:/Users/athikafatima/Desktop/cbdc/wholesaleCBDC/build/nodes/UKMint/cordapps/tokens-contracts-1.2.5.jar
[INFO ] 2024-04-09T01:11:09,525Z [main] cordapp.JarScanningCordappLoader. - Scanning CorDapp in file:/Users/athikafatima/Desktop/cbdc/wholesaleCBDC/build/nodes/UKMint/cordapps/ci-workflows-1.1.1.jar
[INFO ] 2024-04-09T01:11:09,715Z [main] cordapp.JarScanningCordappLoader. - Scanning CorDapp in file:/Users/athikafatima/Desktop/cbdc/wholesaleCBDC/build/nodes/UKMint/cordapps/contracts-1.0.jar
[INFO ] 2024-04-09T01:11:09,779Z [main] cordapp.JarScanningCordappLoader. - Scanning CorDapp in file:/Users/athikafatima/Desktop/cbdc/wholesaleCBDC/build/nodes/UKMint/cordapps/workflows-1.0.jar
[INFO ] 2024-04-09T01:11:13,724Z [main] internal.Node. - MessagingService active change to: false
[INFO ] 2024-04-09T01:11:15,094Z [main] internal.Node. - Flow external operation executor has a max of 8 threads
[WARN ] 2024-04-09T01:11:15,390Z [main] internal.Node. - This node is running in development mode! 👩‍💻   This is not safe for production deployment.
[INFO ] 2024-04-09T01:11:16,140Z [main] internal.Node. - Node starting up ...
[INFO ] 2024-04-09T01:11:16,229Z [main] internal.KeyStoreHandler. - Loaded trusted root certificate: DL7fwxLm5xbiMD8adUuYTsPZHAict46Ng4w6RNcySt5vAw, alias: cordarootca
[INFO ] 2024-04-09T01:11:16,609Z [main] internal.KeyStoreHandler. - Loaded node identity key: DLCbaeRyAoiQk6VJMVspwTEPRjoWfqde5a8rkYdN576PNE, alias: identity-private-key
[INFO ] 2024-04-09T01:11:21,556Z [main] internal.NodeFlowManager. - Registered com.r3.corda.lib.tokens.workflows.flows.rpc.ConfidentialIssueTokens to initiate com.r3.corda.lib.tokens.workflows.flows.rpc.ConfidentialIssueTokensHandler (version 1)
[INFO ] 2024-04-09T01:11:21,557Z [main] internal.NodeFlowManager. - Registered com.r3.corda.lib.tokens.workflows.flows.rpc.ConfidentialMoveFungibleTokens to initiate com.r3.corda.lib.tokens.workflows.flows.rpc.ConfidentialMoveFungibleTokensHandler (version 1)
[INFO ] 2024-04-09T01:11:21,564Z [main] internal.NodeFlowManager. - Registered com.r3.corda.lib.tokens.workflows.flows.rpc.ConfidentialMoveNonFungibleTokens to initiate com.r3.corda.lib.tokens.workflows.flows.rpc.ConfidentialMoveNonFungibleTokensHandler (version 1)
[INFO ] 2024-04-09T01:11:21,564Z [main] internal.NodeFlowManager. - Registered com.r3.corda.lib.tokens.workflows.flows.rpc.ConfidentialRedeemFungibleTokens to initiate com.r3.corda.lib.tokens.workflows.flows.rpc.ConfidentialRedeemFungibleTokensHandler (version 1)
[INFO ] 2024-04-09T01:11:21,565Z [main] internal.NodeFlowManager. - Registered com.r3.corda.lib.tokens.workflows.flows.rpc.CreateEvolvableTokens to initiate com.r3.corda.lib.tokens.workflows.flows.rpc.CreateEvolvableTokensHandler (version 1)
[INFO ] 2024-04-09T01:11:21,566Z [main] internal.NodeFlowManager. - Registered com.r3.corda.lib.tokens.workflows.flows.rpc.IssueTokens to initiate com.r3.corda.lib.tokens.workflows.flows.rpc.IssueTokensHandler (version 1)
[INFO ] 2024-04-09T01:11:21,567Z [main] internal.NodeFlowManager. - Registered com.r3.corda.lib.tokens.workflows.flows.rpc.MoveFungibleTokens to initiate com.r3.corda.lib.tokens.workflows.flows.rpc.MoveFungibleTokensHandler (version 1)
[INFO ] 2024-04-09T01:11:21,570Z [main] internal.NodeFlowManager. - Registered com.r3.corda.lib.tokens.workflows.flows.rpc.MoveNonFungibleTokens to initiate com.r3.corda.lib.tokens.workflows.flows.rpc.MoveNonFungibleTokensHandler (version 1)
[INFO ] 2024-04-09T01:11:21,573Z [main] internal.NodeFlowManager. - Registered com.r3.corda.lib.tokens.workflows.flows.rpc.RedeemFungibleTokens to initiate com.r3.corda.lib.tokens.workflows.flows.rpc.RedeemFungibleTokensHandler (version 1)
[INFO ] 2024-04-09T01:11:21,608Z [main] internal.NodeFlowManager. - Registered com.r3.corda.lib.tokens.workflows.flows.rpc.RedeemNonFungibleTokens to initiate com.r3.corda.lib.tokens.workflows.flows.rpc.RedeemNonFungibleTokensHandler (version 1)
[INFO ] 2024-04-09T01:11:21,609Z [main] internal.NodeFlowManager. - Registered com.r3.corda.lib.tokens.workflows.flows.rpc.UpdateEvolvableToken to initiate com.r3.corda.lib.tokens.workflows.flows.rpc.UpdateEvolvableTokenHandler (version 1)
[INFO ] 2024-04-09T01:11:21,616Z [main] internal.NodeFlowManager. - Registered com.r3.corda.lib.tokens.workflows.internal.flows.distribution.RequestAdditionToDistributionList$Initiator to initiate com.r3.corda.lib.tokens.workflows.internal.flows.distribution.RequestAdditionToDistributionList$Responder (version 1)
[INFO ] 2024-04-09T01:11:21,629Z [main] internal.NodeFlowManager. - Registered com.r3.corda.lib.tokens.workflows.internal.flows.distribution.UpdateDistributionListFlow to initiate com.r3.corda.lib.tokens.workflows.internal.flows.distribution.UpdateDistributionListFlowHandler (version 1)
[INFO ] 2024-04-09T01:11:21,632Z [main] internal.NodeFlowManager. - Registered com.r3.corda.lib.ci.workflows.RequestKeyForUUIDInitiator to initiate com.r3.corda.lib.ci.workflows.RequestKeyForUUIDResponder (version 1)
[INFO ] 2024-04-09T01:11:21,633Z [main] internal.NodeFlowManager. - Registered com.r3.corda.lib.ci.workflows.RequestKey to initiate com.r3.corda.lib.ci.workflows.RequestKeyResponder (version 1)
[INFO ] 2024-04-09T01:11:21,634Z [main] internal.NodeFlowManager. - Registered com.r3.corda.lib.ci.workflows.SyncKeyMappingInitiator to initiate com.r3.corda.lib.ci.workflows.SyncKeyMappingResponder (version 1)
[INFO ] 2024-04-09T01:11:21,637Z [main] internal.NodeFlowManager. - Registered com.r3.corda.lib.ci.workflows.VerifyAndAddKey to initiate com.r3.corda.lib.ci.workflows.VerifyAndAddKeyResponder (version 1)
[INFO ] 2024-04-09T01:11:21,679Z [main] internal.Node. - Setting unsafe users as: [user1]
[INFO ] 2024-04-09T01:11:21,880Z [main] shell.InteractiveShell. - launchShell: User=internalShell perm=[]
[INFO ] 2024-04-09T01:11:21,880Z [main] shell.InteractiveShell. - Shell: PermitExit= true, UNSAFELOCAL=false
[INFO ] 2024-04-09T01:11:22,297Z [main] plugin.PluginManager. - Loaded plugin Plugin[type=SSHPlugin,interface=SSHPlugin]
[INFO ] 2024-04-09T01:11:22,299Z [main] plugin.PluginManager. - Loaded plugin Plugin[type=SSHInlinePlugin,interface=CommandPlugin]
[INFO ] 2024-04-09T01:11:22,307Z [main] plugin.PluginManager. - Loaded plugin Plugin[type=KeyAuthenticationPlugin,interface=KeyAuthenticationPlugin]
[INFO ] 2024-04-09T01:11:22,310Z [main] plugin.PluginManager. - Loaded plugin Plugin[type=CRaSHShellFactory,interface=ShellFactory]
[INFO ] 2024-04-09T01:11:22,358Z [main] plugin.PluginManager. - Loaded plugin Plugin[type=GroovyLanguageProxy,interface=Language]
[INFO ] 2024-04-09T01:11:22,363Z [main] plugin.PluginManager. - Loaded plugin Plugin[type=JavaLanguage,interface=Language]
[INFO ] 2024-04-09T01:11:22,366Z [main] plugin.PluginManager. - Loaded plugin Plugin[type=ScriptLanguage,interface=Language]
[INFO ] 2024-04-09T01:11:22,369Z [main] plugin.PluginManager. - Loaded plugin Plugin[type=JaasAuthenticationPlugin,interface=AuthenticationPlugin]
[INFO ] 2024-04-09T01:11:22,372Z [main] plugin.PluginManager. - Loaded plugin Plugin[type=SimpleAuthenticationPlugin,interface=AuthenticationPlugin]
[INFO ] 2024-04-09T01:11:22,420Z [main] ssh.SSHPlugin. - Could not boot SSHD due to missing due to missing port configuration
[INFO ] 2024-04-09T01:11:22,423Z [main] plugin.PluginManager. - Initialized plugin Plugin[type=SSHPlugin,interface=SSHPlugin]
[INFO ] 2024-04-09T01:11:22,423Z [main] plugin.PluginManager. - Initialized plugin Plugin[type=SSHInlinePlugin,interface=CommandPlugin]
[INFO ] 2024-04-09T01:11:22,424Z [main] plugin.PluginManager. - Initialized plugin Plugin[type=KeyAuthenticationPlugin,interface=KeyAuthenticationPlugin]
[INFO ] 2024-04-09T01:11:22,515Z [main] plugin.PluginManager. - Initialized plugin Plugin[type=GroovyLanguageProxy,interface=Language]
[INFO ] 2024-04-09T01:11:22,515Z [main] plugin.PluginManager. - Initialized plugin Plugin[type=ScriptLanguage,interface=Language]
[INFO ] 2024-04-09T01:11:22,574Z [main] plugin.PluginManager. - Initialized plugin Plugin[type=CRaSHShellFactory,interface=ShellFactory]
[INFO ] 2024-04-09T01:11:22,574Z [main] plugin.PluginManager. - Initialized plugin Plugin[type=JaasAuthenticationPlugin,interface=AuthenticationPlugin]
[INFO ] 2024-04-09T01:11:22,574Z [main] plugin.PluginManager. - Initialized plugin Plugin[type=SimpleAuthenticationPlugin,interface=AuthenticationPlugin]
[INFO ] 2024-04-09T01:11:22,577Z [main] plugin.PluginManager. - Initialized plugin Plugin[type=CordaAuthenticationPlugin,interface=AuthenticationPlugin]
[INFO ] 2024-04-09T01:11:22,577Z [main] plugin.PluginManager. - Initialized plugin Plugin[type=CordaDisconnectPlugin,interface=DisconnectPlugin]
[INFO ] 2024-04-09T01:11:31,718Z [main] internal.Node. - Loaded network parameters: NetworkParameters {
      minimumPlatformVersion=10
      notaries=[NotaryInfo(identity=O=Notary, L=London, C=GB, validating=false)]
      maxMessageSize=10485760
      maxTransactionSize=524288000
      whitelistedContractImplementations {
        
      }
      eventHorizon=PT720H
      packageOwnership {
        
      }
      modifiedTime=2024-04-06T04:32:35Z
      epoch=1
  }
[INFO ] 2024-04-09T01:11:31,822Z [main] hikari.HikariDataSource. - HikariPool-1 - Starting...
[INFO ] 2024-04-09T01:11:33,602Z [main] hikari.HikariDataSource. - HikariPool-1 - Start completed.
[INFO ] 2024-04-09T01:11:46,019Z [main] jvm.JdbcExecutor. - SELECT MD5SUM FROM PUBLIC.DATABASECHANGELOG WHERE MD5SUM IS NOT NULL
[INFO ] 2024-04-09T01:11:46,035Z [main] jvm.JdbcExecutor. - SELECT COUNT(*) FROM PUBLIC.DATABASECHANGELOG
[INFO ] 2024-04-09T01:11:46,036Z [main] changelog.StandardChangeLogHistoryService. - Reading from PUBLIC.DATABASECHANGELOG
[INFO ] 2024-04-09T01:11:46,037Z [main] jvm.JdbcExecutor. - SELECT * FROM PUBLIC.DATABASECHANGELOG ORDER BY DATEEXECUTED ASC, ORDEREXECUTED ASC
[INFO ] 2024-04-09T01:11:46,127Z [main] jvm.JdbcExecutor. - SELECT COUNT(*) FROM PUBLIC.DATABASECHANGELOGLOCK
[INFO ] 2024-04-09T01:11:46,133Z [main] jvm.JdbcExecutor. - SELECT COUNT(*) FROM PUBLIC.DATABASECHANGELOGLOCK
[INFO ] 2024-04-09T01:11:47,293Z [main] jvm.JdbcExecutor. - SELECT MD5SUM FROM PUBLIC.DATABASECHANGELOG WHERE MD5SUM IS NOT NULL
[INFO ] 2024-04-09T01:11:47,298Z [main] jvm.JdbcExecutor. - SELECT COUNT(*) FROM PUBLIC.DATABASECHANGELOG
[INFO ] 2024-04-09T01:11:47,312Z [main] changelog.StandardChangeLogHistoryService. - Reading from PUBLIC.DATABASECHANGELOG
[INFO ] 2024-04-09T01:11:47,313Z [main] jvm.JdbcExecutor. - SELECT * FROM PUBLIC.DATABASECHANGELOG ORDER BY DATEEXECUTED ASC, ORDEREXECUTED ASC
[INFO ] 2024-04-09T01:11:47,323Z [main] jvm.JdbcExecutor. - SELECT COUNT(*) FROM PUBLIC.DATABASECHANGELOGLOCK
[INFO ] 2024-04-09T01:11:47,326Z [main] jvm.JdbcExecutor. - SELECT COUNT(*) FROM PUBLIC.DATABASECHANGELOGLOCK
[INFO ] 2024-04-09T01:11:47,460Z [main] internal.Node. - Connected to H2 database.
[INFO ] 2024-04-09T01:11:47,871Z [main] persistence.HibernateConfiguration. - Init HibernateConfiguration for schemas: [CommonSchemaV1(name=net.corda.core.schemas.CommonSchema, version=1), VaultSchemaV1(name=net.corda.node.services.vault.VaultSchema, version=1), NodeInfoSchemaV1(name=net.corda.node.internal.schemas.NodeInfoSchema, version=1), NodeCoreV1(name=net.corda.node.services.schema.NodeSchemaService$NodeCore, version=1), DistributionRecordSchemaV1(name=com.r3.corda.lib.tokens.workflows.internal.schemas.DistributionRecordSchema, version=1), FungibleTokenSchemaV1(name=com.r3.corda.lib.tokens.contracts.internal.schemas.FungibleTokenSchema, version=1), NonFungibleTokenSchemaV1(name=com.r3.corda.lib.tokens.contracts.internal.schemas.NonFungibleTokenSchema, version=1), TokenSchemaV1(name=com.r3.corda.lib.tokens.contracts.schemas.TokenSchema, version=1)]
[INFO ] 2024-04-09T01:11:47,875Z [main] factory.BaseSessionFactoryFactory. - Creating session factory for schemas: [CommonSchemaV1(name=net.corda.core.schemas.CommonSchema, version=1), VaultSchemaV1(name=net.corda.node.services.vault.VaultSchema, version=1), NodeInfoSchemaV1(name=net.corda.node.internal.schemas.NodeInfoSchema, version=1), NodeCoreV1(name=net.corda.node.services.schema.NodeSchemaService$NodeCore, version=1), DistributionRecordSchemaV1(name=com.r3.corda.lib.tokens.workflows.internal.schemas.DistributionRecordSchema, version=1), FungibleTokenSchemaV1(name=com.r3.corda.lib.tokens.contracts.internal.schemas.FungibleTokenSchema, version=1), NonFungibleTokenSchemaV1(name=com.r3.corda.lib.tokens.contracts.internal.schemas.NonFungibleTokenSchema, version=1), TokenSchemaV1(name=com.r3.corda.lib.tokens.contracts.schemas.TokenSchema, version=1)]
[INFO ] 2024-04-09T01:11:55,417Z [main] factory.BaseSessionFactoryFactory. - Created session factory for schemas: [CommonSchemaV1(name=net.corda.core.schemas.CommonSchema, version=1), VaultSchemaV1(name=net.corda.node.services.vault.VaultSchema, version=1), NodeInfoSchemaV1(name=net.corda.node.internal.schemas.NodeInfoSchema, version=1), NodeCoreV1(name=net.corda.node.services.schema.NodeSchemaService$NodeCore, version=1), DistributionRecordSchemaV1(name=com.r3.corda.lib.tokens.workflows.internal.schemas.DistributionRecordSchema, version=1), FungibleTokenSchemaV1(name=com.r3.corda.lib.tokens.contracts.internal.schemas.FungibleTokenSchema, version=1), NonFungibleTokenSchemaV1(name=com.r3.corda.lib.tokens.contracts.internal.schemas.NonFungibleTokenSchema, version=1), TokenSchemaV1(name=com.r3.corda.lib.tokens.contracts.schemas.TokenSchema, version=1)]
[INFO ] 2024-04-09T01:11:57,483Z [main] network.NetworkMapUpdater. - Auto-accept enabled for network parameter changes which modify only: [epoch, modifiedTime, packageOwnership, whitelistedContractImplementations]
[INFO ] 2024-04-09T01:11:58,052Z [main] security.RPCSecurityManagerImpl. - Constructing realm from list of users in config [User(user1, permissions=[ALL])]
[INFO ] 2024-04-09T01:11:58,073Z [RxIoScheduler-2] network.PersistentNetworkMapCache. - Adding node with info: NodeInfo(addresses=[localhost:10005], legalIdentitiesAndCerts=[O=UK Mint, L=London, C=GB], platformVersion=10, serial=1712377948629), owningKey=DLCbaeRyAoiQk6VJMVspwTEPRjoWfqde5a8rkYdN576PNE
[INFO ] 2024-04-09T01:11:58,073Z [RxIoScheduler-2] network.PersistentNetworkMapCache. - Previous node was identical to incoming one - doing nothing
[INFO ] 2024-04-09T01:11:58,091Z [RxIoScheduler-2] network.PersistentNetworkMapCache. - Adding node with info: NodeInfo(addresses=[localhost:10012], legalIdentitiesAndCerts=[O=HSBC, L=London, C=GB], platformVersion=10, serial=1712377942536), owningKey=DLCEdh1u8jWBYdqeaNgsxteMYt7Hf5bjgbndCmjHBxttEp
[INFO ] 2024-04-09T01:11:58,091Z [RxIoScheduler-2] network.PersistentNetworkMapCache. - Previous node was identical to incoming one - doing nothing
[INFO ] 2024-04-09T01:11:58,108Z [RxIoScheduler-2] network.PersistentNetworkMapCache. - Adding node with info: NodeInfo(addresses=[localhost:10008], legalIdentitiesAndCerts=[O=Abbey, L=London, C=GB], platformVersion=10, serial=1712377946756), owningKey=DL9dX69aueEERfef312YA37R7FESQUKnyMS8AofnZEENSX
[INFO ] 2024-04-09T01:11:58,108Z [RxIoScheduler-2] network.PersistentNetworkMapCache. - Previous node was identical to incoming one - doing nothing
[INFO ] 2024-04-09T01:11:58,291Z [RxIoScheduler-2] network.PersistentNetworkMapCache. - Adding node with info: NodeInfo(addresses=[localhost:10002], legalIdentitiesAndCerts=[O=Notary, L=London, C=GB], platformVersion=10, serial=1712377949305), owningKey=DLEoBArD6Xk1T4Jm2fDZYEZb8rjWhiVE7b8drsKVGB3pBG
[INFO ] 2024-04-09T01:11:58,291Z [RxIoScheduler-2] network.PersistentNetworkMapCache. - Previous node was identical to incoming one - doing nothing
[INFO ] 2024-04-09T01:12:00,039Z [main] BasicInfo. - Advertised P2P messaging addresses      : localhost:10005
[INFO ] 2024-04-09T01:12:00,104Z [main] BasicInfo. - RPC connection address                  : localhost:10006
[INFO ] 2024-04-09T01:12:00,107Z [main] BasicInfo. - RPC admin connection address            : localhost:10046
[INFO ] 2024-04-09T01:12:03,909Z [main] messaging.ArtemisMessagingServer. - P2P messaging server listening on 0.0.0.0:10005
[INFO ] 2024-04-09T01:12:04,740Z [main] internal.ArtemisMessagingClient. - Connecting to message broker: localhost:10005
[INFO ] 2024-04-09T01:12:07,098Z [main] internal.ArtemisMessagingClient. - Connecting to message broker: localhost:10005
[INFO ] 2024-04-09T01:12:07,379Z [main] bridging.BridgeControlListener. - Found inboxes: [p2p.inbound.DLCbaeRyAoiQk6VJMVspwTEPRjoWfqde5a8rkYdN576PNE]
[INFO ] 2024-04-09T01:12:07,523Z [main] messaging.P2PMessagingClient. - Connecting to message broker: localhost:10005
[INFO ] 2024-04-09T01:12:07,852Z [Thread-4 (ActiveMQ-client-global-threads)] bridging.BridgeControlListener. - Received bridge control message NodeToBridgeSnapshot(nodeIdentity=O=UK Mint, L=London, C=GB, inboxQueues=[p2p.inbound.DLCbaeRyAoiQk6VJMVspwTEPRjoWfqde5a8rkYdN576PNE], sendQueues=[])
[INFO ] 2024-04-09T01:12:07,858Z [Thread-4 (ActiveMQ-client-global-threads)] bridging.BridgeControlListener. - Added inbox: [p2p.inbound.DLCbaeRyAoiQk6VJMVspwTEPRjoWfqde5a8rkYdN576PNE]. Current inboxes: [p2p.inbound.DLCbaeRyAoiQk6VJMVspwTEPRjoWfqde5a8rkYdN576PNE].
[INFO ] 2024-04-09T01:12:08,446Z [main] ClassloaderUtils. - Contracts loading for '/var/folders/hv/3mfynt4129z_2z_6ry6fx1dh0000gn/T/attachment3871812932109496588.jar' took 30 msec
[INFO ] 2024-04-09T01:12:08,532Z [main] internal.Node. - Installed com.r3.corda.lib.tokens.selection.memory.services.VaultMigratorService Corda service
[INFO ] 2024-04-09T01:12:08,668Z [main] cordapp.CordappConfigFileProvider. - No config found for cordapp tokens-workflows-1.2.5 in [/Users/athikafatima/Desktop/cbdc/wholesaleCBDC/build/nodes/UKMint/cordapps/config]
[WARN ] 2024-04-09T01:12:08,676Z [main] inMemoryConfigSelectionLogger. - Did not detect a configuration for InMemory selection - enabling memory usage for token indexing. Please set stateSelection.inMemory.enabled to "false" to disable this
[WARN ] 2024-04-09T01:12:08,679Z [main] inMemoryConfigSelectionLogger. - No indexing method specified. Indexes will be created at run-time for each invocation of selectTokens
[INFO ] 2024-04-09T01:12:08,679Z [main] inMemoryConfigSelectionLogger. - Found in memory token selection configuration with values indexing strategy: [], cacheSize: 1024
[WARN ] 2024-04-09T01:12:08,990Z [main] vault.NodeVaultService. - trackBy is called with an already existing, open DB transaction. As a result, there might be states missing from both the snapshot and observable, included in the returned data feed, because of race conditions.
[WARN ] 2024-04-09T01:12:12,607Z [main] inMemoryConfigSelectionLogger. - Did not detect a configuration for InMemory selection - enabling memory usage for token indexing. Please set stateSelection.inMemory.enabled to "false" to disable this
[WARN ] 2024-04-09T01:12:12,669Z [main] inMemoryConfigSelectionLogger. - No indexing method specified. Indexes will be created at run-time for each invocation of selectTokens
[INFO ] 2024-04-09T01:12:12,669Z [main] inMemoryConfigSelectionLogger. - Found in memory token selection configuration with values indexing strategy: [], cacheSize: 1024
[INFO ] 2024-04-09T01:12:12,832Z [main] internal.Node. - Installed com.r3.corda.lib.tokens.selection.memory.services.VaultWatcherService Corda service
[INFO ] 2024-04-09T01:12:17,100Z [main] statemachine.SingleThreadedStateMachineManager. - Node ready, info: NodeInfo(addresses=[localhost:10005], legalIdentitiesAndCerts=[O=UK Mint, L=London, C=GB], platformVersion=10, serial=1712377948629)
[INFO ] 2024-04-09T01:12:17,344Z [Node thread-1] internal.Node. - Registering JMX reporter:
[INFO ] 2024-04-09T01:12:17,346Z [Node thread-1] internal.Node. - Registering Jolokia JMX reporter:
[INFO ] 2024-04-09T01:12:17,348Z [main] BasicInfo. - Loaded 5 CorDapp(s)                     : Workflow CorDapp: Token SDK Workflows version 2 by vendor R3 with licence Apache 2, Contract CorDapp: Token SDK Contracts version 2 by vendor R3 with licence Apache 2, Workflow CorDapp: Confidential Identities Workflows version 2 by vendor Corda Open Source with licence Apache License, Version 2.0, Contract CorDapp: cbdc CorDapp version 1 by vendor Corda Open Source with licence Apache License, Version 2.0, Workflow CorDapp: CBDC Flows version 1 by vendor Corda Open Source with licence Apache License, Version 2.0
[INFO ] 2024-04-09T01:12:17,356Z [main] BasicInfo. - Node for "UK Mint" started up and registered in 88.95 sec
[INFO ] 2024-04-09T01:12:17,360Z [main] rpc.RPCServer. - Starting RPC server with configuration RPCServerConfiguration(rpcThreadPoolSize=4, reapInterval=PT1S, deduplicationCacheExpiry=PT24H)
[INFO ] 2024-04-09T01:12:17,583Z [main] BasicInfo. - Running P2PMessaging loop
[INFO ] 2024-04-09T01:12:17,705Z [main] messaging.P2PMessagingClient. - Status change to true
[INFO ] 2024-04-09T01:12:17,708Z [main] internal.Node. - MessagingService active change to: true
[INFO ] 2024-04-09T01:12:18,266Z [NodeLifecycleEventsDistributor-0] services.VaultWatcherService. - Starting async token loading from vault
[INFO ] 2024-04-09T01:12:18,301Z [pool-16-thread-1] services.VaultWatcherService. - publishing 0 to async state loading callback
[INFO ] 2024-04-09T01:12:18,304Z [pool-16-thread-1] services.VaultWatcherService. - received token vault update with 0 consumed states and: 0 produced states
[INFO ] 2024-04-09T01:12:18,305Z [pool-16-thread-1] services.VaultWatcherService. - received token vault update with 0 consumed states and: 0 produced states
[INFO ] 2024-04-09T01:12:18,305Z [pool-16-thread-1] services.VaultWatcherService. - finished token loading
[INFO ] 2024-04-09T01:15:10,846Z [pool-10-thread-1] shell.FlowShellCommand. - Executing command "flow start IssueEGBPFlow centralBank: "O=UK Mint, L=London, C=GB",amount: 100",
[INFO ] 2024-04-09T01:15:11,553Z [pool-10-thread-1] internal.RPCClient. - Startup took 655 msec
[INFO ] 2024-04-09T01:15:13,666Z [Node thread-1] corda.flow. - No need to notarise this transaction. {actor_id=internalShell, actor_owning_identity=O=UK Mint, L=London, C=GB, actor_store_id=NODE_CONFIG, fiber-id=10000001, flow-id=a823846a-af7e-4838-9674-d6e68cda4d82, invocation_id=b27a0f98-e724-4250-b399-fa43721128c0, invocation_timestamp=2024-04-09T01:15:12.152Z, origin=internalShell, session_id=ec93370e-6ce5-4249-831d-778bc43e8896, session_timestamp=2024-04-09T01:15:10.918Z, thread-id=213, tx_id=0E3374215F7FF99FAD78A795AFFB686C71486A1A196D5C456EF3E577A89BF310}
[INFO ] 2024-04-09T01:15:13,666Z [Node thread-1] corda.flow. - Recording transaction locally. {actor_id=internalShell, actor_owning_identity=O=UK Mint, L=London, C=GB, actor_store_id=NODE_CONFIG, fiber-id=10000001, flow-id=a823846a-af7e-4838-9674-d6e68cda4d82, invocation_id=b27a0f98-e724-4250-b399-fa43721128c0, invocation_timestamp=2024-04-09T01:15:12.152Z, origin=internalShell, session_id=ec93370e-6ce5-4249-831d-778bc43e8896, session_timestamp=2024-04-09T01:15:10.918Z, thread-id=213, tx_id=0E3374215F7FF99FAD78A795AFFB686C71486A1A196D5C456EF3E577A89BF310}
[INFO ] 2024-04-09T01:15:13,814Z [Node thread-1] corda.flow. - Recorded transaction locally successfully. {actor_id=internalShell, actor_owning_identity=O=UK Mint, L=London, C=GB, actor_store_id=NODE_CONFIG, fiber-id=10000001, flow-id=a823846a-af7e-4838-9674-d6e68cda4d82, invocation_id=b27a0f98-e724-4250-b399-fa43721128c0, invocation_timestamp=2024-04-09T01:15:12.152Z, origin=internalShell, session_id=ec93370e-6ce5-4249-831d-778bc43e8896, session_timestamp=2024-04-09T01:15:10.918Z, thread-id=213, tx_id=0E3374215F7FF99FAD78A795AFFB686C71486A1A196D5C456EF3E577A89BF310}
[INFO ] 2024-04-09T01:15:13,814Z [Node thread-1] corda.flow. - All parties received the transaction successfully. {actor_id=internalShell, actor_owning_identity=O=UK Mint, L=London, C=GB, actor_store_id=NODE_CONFIG, fiber-id=10000001, flow-id=a823846a-af7e-4838-9674-d6e68cda4d82, invocation_id=b27a0f98-e724-4250-b399-fa43721128c0, invocation_timestamp=2024-04-09T01:15:12.152Z, origin=internalShell, session_id=ec93370e-6ce5-4249-831d-778bc43e8896, session_timestamp=2024-04-09T01:15:10.918Z, thread-id=213, tx_id=0E3374215F7FF99FAD78A795AFFB686C71486A1A196D5C456EF3E577A89BF310}
[INFO ] 2024-04-09T01:15:13,943Z [Node thread-1] services.VaultWatcherService. - received token vault update with 0 consumed states and: 1 produced states {actor_id=internalShell, actor_owning_identity=O=UK Mint, L=London, C=GB, actor_store_id=NODE_CONFIG, fiber-id=10000001, flow-id=a823846a-af7e-4838-9674-d6e68cda4d82, invocation_id=b27a0f98-e724-4250-b399-fa43721128c0, invocation_timestamp=2024-04-09T01:15:12.152Z, origin=internalShell, session_id=ec93370e-6ce5-4249-831d-778bc43e8896, session_timestamp=2024-04-09T01:15:10.918Z, thread-id=213}
[INFO ] 2024-04-09T01:16:05,116Z [pool-10-thread-2] shell.FlowShellCommand. - Executing command "flow start TransferEGBPFlow party: "O=HSBC, L=London, C=GB", amount: 100",
[INFO ] 2024-04-09T01:16:05,755Z [Node thread-1] messaging.P2PMessagingClient. - Start bridge for previously empty queue internal.peers.DLCEdh1u8jWBYdqeaNgsxteMYt7Hf5bjgbndCmjHBxttEp {actor_id=internalShell, actor_owning_identity=O=UK Mint, L=London, C=GB, actor_store_id=NODE_CONFIG, fiber-id=10000002, flow-id=d393bd7f-1fca-4a3c-ae2d-896e1ae7d802, invocation_id=c92fb80f-6711-40ea-9ea6-e9379d464c02, invocation_timestamp=2024-04-09T01:16:05.262Z, origin=internalShell, session_id=ec93370e-6ce5-4249-831d-778bc43e8896, session_timestamp=2024-04-09T01:15:10.918Z, thread-id=213}
[INFO ] 2024-04-09T01:16:05,780Z [Thread-38 (ActiveMQ-client-global-threads)] bridging.BridgeControlListener. - Received bridge control message Create(nodeIdentity=O=UK Mint, L=London, C=GB, bridgeInfo=BridgeEntry(queueName=internal.peers.DLCEdh1u8jWBYdqeaNgsxteMYt7Hf5bjgbndCmjHBxttEp, targets=[localhost:10012], legalNames=[O=HSBC, L=London, C=GB], serviceAddress=false))
[INFO ] 2024-04-09T01:16:05,867Z [Thread-38 (ActiveMQ-client-global-threads)] bridging.AMQPBridgeManager$AMQPBridge. - Create new AMQP bridge {legalNames=O=HSBC, L=London, C=GB, maxMessageSize=10485760, queueName=internal.peers.DLCEdh1u8jWBYdqeaNgsxteMYt7Hf5bjgbndCmjHBxttEp, source=O=UK Mint, L=London, C=GB, targets=localhost:10012}
[INFO ] 2024-04-09T01:16:05,869Z [Thread-38 (ActiveMQ-client-global-threads)] netty.AMQPClient. - Connect to: localhost:10012
[INFO ] 2024-04-09T01:16:06,066Z [Node thread-1] corda.flow. - Sending transaction to notary: O=Notary, L=London, C=GB. {actor_id=internalShell, actor_owning_identity=O=UK Mint, L=London, C=GB, actor_store_id=NODE_CONFIG, fiber-id=10000002, flow-id=d393bd7f-1fca-4a3c-ae2d-896e1ae7d802, invocation_id=c92fb80f-6711-40ea-9ea6-e9379d464c02, invocation_timestamp=2024-04-09T01:16:05.262Z, origin=internalShell, session_id=ec93370e-6ce5-4249-831d-778bc43e8896, session_timestamp=2024-04-09T01:15:10.918Z, thread-id=213, tx_id=7F8C8945D9B140A4DA1743A071E3647D2D7B09F2225BBB46BA90214ADC068D58}
[INFO ] 2024-04-09T01:16:06,316Z [Node thread-1] messaging.P2PMessagingClient. - Start bridge for previously empty queue internal.peers.DLEoBArD6Xk1T4Jm2fDZYEZb8rjWhiVE7b8drsKVGB3pBG {actor_id=internalShell, actor_owning_identity=O=UK Mint, L=London, C=GB, actor_store_id=NODE_CONFIG, fiber-id=10000002, flow-id=d393bd7f-1fca-4a3c-ae2d-896e1ae7d802, invocation_id=c92fb80f-6711-40ea-9ea6-e9379d464c02, invocation_timestamp=2024-04-09T01:16:05.262Z, origin=internalShell, session_id=ec93370e-6ce5-4249-831d-778bc43e8896, session_timestamp=2024-04-09T01:15:10.918Z, thread-id=213, tx_id=7F8C8945D9B140A4DA1743A071E3647D2D7B09F2225BBB46BA90214ADC068D58}
[INFO ] 2024-04-09T01:16:07,327Z [Thread-38 (ActiveMQ-client-global-threads)] bridging.BridgeControlListener. - Received bridge control message Create(nodeIdentity=O=UK Mint, L=London, C=GB, bridgeInfo=BridgeEntry(queueName=internal.peers.DLEoBArD6Xk1T4Jm2fDZYEZb8rjWhiVE7b8drsKVGB3pBG, targets=[localhost:10002], legalNames=[O=Notary, L=London, C=GB], serviceAddress=false))
[INFO ] 2024-04-09T01:16:07,330Z [Thread-38 (ActiveMQ-client-global-threads)] bridging.AMQPBridgeManager$AMQPBridge. - Create new AMQP bridge {legalNames=O=Notary, L=London, C=GB, maxMessageSize=10485760, queueName=internal.peers.DLEoBArD6Xk1T4Jm2fDZYEZb8rjWhiVE7b8drsKVGB3pBG, source=O=UK Mint, L=London, C=GB, targets=localhost:10002}
[INFO ] 2024-04-09T01:16:07,330Z [Thread-38 (ActiveMQ-client-global-threads)] netty.AMQPClient. - Connect to: localhost:10002
[INFO ] 2024-04-09T01:16:07,394Z [nioEventLoopGroup-2-2] netty.AMQPClient. - Connected to localhost:10002, Local address: /127.0.0.1:53024
[INFO ] 2024-04-09T01:16:07,395Z [nioEventLoopGroup-2-1] netty.AMQPClient. - Failed to connect to localhost:10012
io.netty.channel.AbstractChannel$AnnotatedConnectException: Connection refused: localhost/127.0.0.1:10012
Caused by: java.net.ConnectException: Connection refused
	at sun.nio.ch.SocketChannelImpl.checkConnect(Native Method) ~[?:1.8.0_402]
	at sun.nio.ch.SocketChannelImpl.finishConnect(SocketChannelImpl.java:716) ~[?:1.8.0_402]
	at io.netty.channel.socket.nio.NioSocketChannel.doFinishConnect(NioSocketChannel.java:330) ~[netty-transport-4.1.46.Final.jar:4.1.46.Final]
	at io.netty.channel.nio.AbstractNioChannel$AbstractNioUnsafe.finishConnect(AbstractNioChannel.java:334) ~[netty-transport-4.1.46.Final.jar:4.1.46.Final]
	at io.netty.channel.nio.NioEventLoop.processSelectedKey(NioEventLoop.java:702) ~[netty-transport-4.1.46.Final.jar:4.1.46.Final]
	at io.netty.channel.nio.NioEventLoop.processSelectedKeysOptimized(NioEventLoop.java:650) ~[netty-transport-4.1.46.Final.jar:4.1.46.Final]
	at io.netty.channel.nio.NioEventLoop.processSelectedKeys(NioEventLoop.java:576) ~[netty-transport-4.1.46.Final.jar:4.1.46.Final]
	at io.netty.channel.nio.NioEventLoop.run(NioEventLoop.java:493) ~[netty-transport-4.1.46.Final.jar:4.1.46.Final]
	at io.netty.util.concurrent.SingleThreadEventExecutor$4.run(SingleThreadEventExecutor.java:989) ~[netty-common-4.1.46.Final.jar:4.1.46.Final]
	at io.netty.util.internal.ThreadExecutorMap$2.run(ThreadExecutorMap.java:74) ~[netty-common-4.1.46.Final.jar:4.1.46.Final]
	at io.netty.util.concurrent.FastThreadLocalRunnable.run(FastThreadLocalRunnable.java:30) ~[netty-common-4.1.46.Final.jar:4.1.46.Final]
	at java.lang.Thread.run(Thread.java:750) [?:1.8.0_402]
[INFO ] 2024-04-09T01:16:07,402Z [nioEventLoopGroup-2-2] netty.AMQPChannelHandler. - New client connection c13fb8cb from localhost/127.0.0.1:10002 to /127.0.0.1:53024 {allowedRemoteLegalNames=O=Notary, L=London, C=GB, localCert=null, remoteAddress=localhost/127.0.0.1:10002, remoteCert=null, serverMode=false}
[INFO ] 2024-04-09T01:16:07,525Z [nioEventLoopGroup-2-2] netty.LoggingTrustManagerWrapper. - Check Server Certpath:
  C=GB,L=London,O=Notary[991713594971B6F6F952AB591026026B451C73F2] issued by C=GB,L=London,O=Notary[4619E10C70310F46B8A176C5992FC0A796F746BB] [NO CRLDP ext]
  C=GB,L=London,O=Notary[4619E10C70310F46B8A176C5992FC0A796F746BB] issued by C=US,L=New York,OU=Corda,O=R3 HoldCo LLC,CN=Corda Doorman CA[EBEE2E30152940AE19981ED86FE37D7F07A2C213] [NO CRLDP ext]
  C=US,L=New York,OU=Corda,O=R3 HoldCo LLC,CN=Corda Doorman CA[EBEE2E30152940AE19981ED86FE37D7F07A2C213] issued by CN=Corda Node Root CA,O=R3,OU=corda,L=London,C=UK[7CAEA9DFB948012B13890B9AE645851C39170773] [NO CRLDP ext]
  CN=Corda Node Root CA,O=R3,OU=corda,L=London,C=UK[7CAEA9DFB948012B13890B9AE645851C39170773] issued by CN=Corda Node Root CA,O=R3,OU=corda,L=London,C=UK[null] [NO CRLDP ext]
[INFO ] 2024-04-09T01:16:07,570Z [nioEventLoopGroup-2-2] netty.LoggingImmediateExecutor. - Command: [io.netty.handler.ssl.SslHandler.SslTasksRunner] took 103 millis to execute
[INFO ] 2024-04-09T01:16:07,613Z [nioEventLoopGroup-2-2] netty.AMQPChannelHandler. - Handshake completed with subject: O=Notary, L=London, C=GB, requested server name: 6c8fe8aedf1407f079392640a80b6140.corda.net. {allowedRemoteLegalNames=O=Notary, L=London, C=GB, localCert=O=UK Mint, L=London, C=GB, remoteAddress=localhost/127.0.0.1:10002, remoteCert=O=Notary, L=London, C=GB, serverMode=false}
[INFO ] 2024-04-09T01:16:07,882Z [nioEventLoopGroup-2-2] bridging.AMQPBridgeManager$AMQPBridge. - Bridge Connected {legalNames=O=Notary, L=London, C=GB, maxMessageSize=10485760, queueName=internal.peers.DLEoBArD6Xk1T4Jm2fDZYEZb8rjWhiVE7b8drsKVGB3pBG, source=O=UK Mint, L=London, C=GB, targets=localhost:10002}
[INFO ] 2024-04-09T01:16:07,893Z [nioEventLoopGroup-2-4] bridging.AMQPBridgeManager$AMQPBridge. - Bridge Connected so starting Artemis {legalNames=O=Notary, L=London, C=GB, maxMessageSize=10485760, queueName=internal.peers.DLEoBArD6Xk1T4Jm2fDZYEZb8rjWhiVE7b8drsKVGB3pBG, source=O=UK Mint, L=London, C=GB, targets=localhost:10002}
[INFO ] 2024-04-09T01:16:07,893Z [nioEventLoopGroup-2-4] bridging.AMQPBridgeManager$AMQPBridge. - Creating session and consumer. {legalNames=O=Notary, L=London, C=GB, maxMessageSize=10485760, queueName=internal.peers.DLEoBArD6Xk1T4Jm2fDZYEZb8rjWhiVE7b8drsKVGB3pBG, source=O=UK Mint, L=London, C=GB, targets=localhost:10002}
[INFO ] 2024-04-09T01:16:07,903Z [nioEventLoopGroup-2-2] engine.ConnectionStateMachine. - Connection local open [id: 0xc13fb8cb, L:/127.0.0.1:53024 - R:localhost/127.0.0.1:10002] {conn=[id: 0xc13fb8cb, L:/127.0.0.1:53024 - R:localhost/127.0.0.1:10002], localLegalName=O=UK Mint, L=London, C=GB, remoteLegalName=O=Notary, L=London, C=GB, serverMode=false}
[INFO ] 2024-04-09T01:16:08,399Z [nioEventLoopGroup-2-3] netty.AMQPClient. - Retry connect to localhost:10012
[INFO ] 2024-04-09T01:16:08,407Z [nioEventLoopGroup-2-5] netty.AMQPClient. - Failed to connect to localhost:10012
io.netty.channel.AbstractChannel$AnnotatedConnectException: Connection refused: localhost/127.0.0.1:10012
Caused by: java.net.ConnectException: Connection refused
	at sun.nio.ch.SocketChannelImpl.checkConnect(Native Method) ~[?:1.8.0_402]
	at sun.nio.ch.SocketChannelImpl.finishConnect(SocketChannelImpl.java:716) ~[?:1.8.0_402]
	at io.netty.channel.socket.nio.NioSocketChannel.doFinishConnect(NioSocketChannel.java:330) ~[netty-transport-4.1.46.Final.jar:4.1.46.Final]
	at io.netty.channel.nio.AbstractNioChannel$AbstractNioUnsafe.finishConnect(AbstractNioChannel.java:334) ~[netty-transport-4.1.46.Final.jar:4.1.46.Final]
	at io.netty.channel.nio.NioEventLoop.processSelectedKey(NioEventLoop.java:702) ~[netty-transport-4.1.46.Final.jar:4.1.46.Final]
	at io.netty.channel.nio.NioEventLoop.processSelectedKeysOptimized(NioEventLoop.java:650) ~[netty-transport-4.1.46.Final.jar:4.1.46.Final]
	at io.netty.channel.nio.NioEventLoop.processSelectedKeys(NioEventLoop.java:576) ~[netty-transport-4.1.46.Final.jar:4.1.46.Final]
	at io.netty.channel.nio.NioEventLoop.run(NioEventLoop.java:493) ~[netty-transport-4.1.46.Final.jar:4.1.46.Final]
	at io.netty.util.concurrent.SingleThreadEventExecutor$4.run(SingleThreadEventExecutor.java:989) ~[netty-common-4.1.46.Final.jar:4.1.46.Final]
	at io.netty.util.internal.ThreadExecutorMap$2.run(ThreadExecutorMap.java:74) ~[netty-common-4.1.46.Final.jar:4.1.46.Final]
	at io.netty.util.concurrent.FastThreadLocalRunnable.run(FastThreadLocalRunnable.java:30) ~[netty-common-4.1.46.Final.jar:4.1.46.Final]
	at java.lang.Thread.run(Thread.java:750) [?:1.8.0_402]
[INFO ] 2024-04-09T01:16:10,409Z [nioEventLoopGroup-2-6] netty.AMQPClient. - Retry connect to localhost:10012
[INFO ] 2024-04-09T01:16:10,423Z [nioEventLoopGroup-2-7] netty.AMQPClient. - Failed to connect to localhost:10012
io.netty.channel.AbstractChannel$AnnotatedConnectException: Connection refused: localhost/127.0.0.1:10012
Caused by: java.net.ConnectException: Connection refused
	at sun.nio.ch.SocketChannelImpl.checkConnect(Native Method) ~[?:1.8.0_402]
	at sun.nio.ch.SocketChannelImpl.finishConnect(SocketChannelImpl.java:716) ~[?:1.8.0_402]
	at io.netty.channel.socket.nio.NioSocketChannel.doFinishConnect(NioSocketChannel.java:330) ~[netty-transport-4.1.46.Final.jar:4.1.46.Final]
	at io.netty.channel.nio.AbstractNioChannel$AbstractNioUnsafe.finishConnect(AbstractNioChannel.java:334) ~[netty-transport-4.1.46.Final.jar:4.1.46.Final]
	at io.netty.channel.nio.NioEventLoop.processSelectedKey(NioEventLoop.java:702) ~[netty-transport-4.1.46.Final.jar:4.1.46.Final]
	at io.netty.channel.nio.NioEventLoop.processSelectedKeysOptimized(NioEventLoop.java:650) ~[netty-transport-4.1.46.Final.jar:4.1.46.Final]
	at io.netty.channel.nio.NioEventLoop.processSelectedKeys(NioEventLoop.java:576) ~[netty-transport-4.1.46.Final.jar:4.1.46.Final]
	at io.netty.channel.nio.NioEventLoop.run(NioEventLoop.java:493) ~[netty-transport-4.1.46.Final.jar:4.1.46.Final]
	at io.netty.util.concurrent.SingleThreadEventExecutor$4.run(SingleThreadEventExecutor.java:989) ~[netty-common-4.1.46.Final.jar:4.1.46.Final]
	at io.netty.util.internal.ThreadExecutorMap$2.run(ThreadExecutorMap.java:74) ~[netty-common-4.1.46.Final.jar:4.1.46.Final]
	at io.netty.util.concurrent.FastThreadLocalRunnable.run(FastThreadLocalRunnable.java:30) ~[netty-common-4.1.46.Final.jar:4.1.46.Final]
	at java.lang.Thread.run(Thread.java:750) [?:1.8.0_402]
[INFO ] 2024-04-09T01:16:12,028Z [Node thread-1] corda.flow. - Notary responded (O=Notary, L=London, C=GB). {actor_id=internalShell, actor_owning_identity=O=UK Mint, L=London, C=GB, actor_store_id=NODE_CONFIG, fiber-id=10000002, flow-id=d393bd7f-1fca-4a3c-ae2d-896e1ae7d802, invocation_id=c92fb80f-6711-40ea-9ea6-e9379d464c02, invocation_timestamp=2024-04-09T01:16:05.262Z, origin=internalShell, session_id=ec93370e-6ce5-4249-831d-778bc43e8896, session_timestamp=2024-04-09T01:15:10.918Z, thread-id=213, tx_id=7F8C8945D9B140A4DA1743A071E3647D2D7B09F2225BBB46BA90214ADC068D58}
[INFO ] 2024-04-09T01:16:12,033Z [Node thread-1] corda.flow. - Recording transaction locally. {actor_id=internalShell, actor_owning_identity=O=UK Mint, L=London, C=GB, actor_store_id=NODE_CONFIG, fiber-id=10000002, flow-id=d393bd7f-1fca-4a3c-ae2d-896e1ae7d802, invocation_id=c92fb80f-6711-40ea-9ea6-e9379d464c02, invocation_timestamp=2024-04-09T01:16:05.262Z, origin=internalShell, session_id=ec93370e-6ce5-4249-831d-778bc43e8896, session_timestamp=2024-04-09T01:15:10.918Z, thread-id=213, tx_id=7F8C8945D9B140A4DA1743A071E3647D2D7B09F2225BBB46BA90214ADC068D58}
[INFO ] 2024-04-09T01:16:12,058Z [Node thread-1] corda.flow. - Recorded transaction locally successfully. {actor_id=internalShell, actor_owning_identity=O=UK Mint, L=London, C=GB, actor_store_id=NODE_CONFIG, fiber-id=10000002, flow-id=d393bd7f-1fca-4a3c-ae2d-896e1ae7d802, invocation_id=c92fb80f-6711-40ea-9ea6-e9379d464c02, invocation_timestamp=2024-04-09T01:16:05.262Z, origin=internalShell, session_id=ec93370e-6ce5-4249-831d-778bc43e8896, session_timestamp=2024-04-09T01:15:10.918Z, thread-id=213, tx_id=7F8C8945D9B140A4DA1743A071E3647D2D7B09F2225BBB46BA90214ADC068D58}
[INFO ] 2024-04-09T01:16:12,244Z [Node thread-1] services.VaultWatcherService. - received token vault update with 1 consumed states and: 0 produced states {actor_id=internalShell, actor_owning_identity=O=UK Mint, L=London, C=GB, actor_store_id=NODE_CONFIG, fiber-id=10000002, flow-id=d393bd7f-1fca-4a3c-ae2d-896e1ae7d802, invocation_id=c92fb80f-6711-40ea-9ea6-e9379d464c02, invocation_timestamp=2024-04-09T01:16:05.262Z, origin=internalShell, session_id=ec93370e-6ce5-4249-831d-778bc43e8896, session_timestamp=2024-04-09T01:15:10.918Z, thread-id=213}
[INFO ] 2024-04-09T01:16:14,424Z [nioEventLoopGroup-2-8] netty.AMQPClient. - Retry connect to localhost:10012
[INFO ] 2024-04-09T01:16:14,431Z [nioEventLoopGroup-2-9] netty.AMQPClient. - Failed to connect to localhost:10012
io.netty.channel.AbstractChannel$AnnotatedConnectException: Connection refused: localhost/127.0.0.1:10012
Caused by: java.net.ConnectException: Connection refused
	at sun.nio.ch.SocketChannelImpl.checkConnect(Native Method) ~[?:1.8.0_402]
	at sun.nio.ch.SocketChannelImpl.finishConnect(SocketChannelImpl.java:716) ~[?:1.8.0_402]
	at io.netty.channel.socket.nio.NioSocketChannel.doFinishConnect(NioSocketChannel.java:330) ~[netty-transport-4.1.46.Final.jar:4.1.46.Final]
	at io.netty.channel.nio.AbstractNioChannel$AbstractNioUnsafe.finishConnect(AbstractNioChannel.java:334) ~[netty-transport-4.1.46.Final.jar:4.1.46.Final]
	at io.netty.channel.nio.NioEventLoop.processSelectedKey(NioEventLoop.java:702) ~[netty-transport-4.1.46.Final.jar:4.1.46.Final]
	at io.netty.channel.nio.NioEventLoop.processSelectedKeysOptimized(NioEventLoop.java:650) ~[netty-transport-4.1.46.Final.jar:4.1.46.Final]
	at io.netty.channel.nio.NioEventLoop.processSelectedKeys(NioEventLoop.java:576) ~[netty-transport-4.1.46.Final.jar:4.1.46.Final]
	at io.netty.channel.nio.NioEventLoop.run(NioEventLoop.java:493) ~[netty-transport-4.1.46.Final.jar:4.1.46.Final]
	at io.netty.util.concurrent.SingleThreadEventExecutor$4.run(SingleThreadEventExecutor.java:989) ~[netty-common-4.1.46.Final.jar:4.1.46.Final]
	at io.netty.util.internal.ThreadExecutorMap$2.run(ThreadExecutorMap.java:74) ~[netty-common-4.1.46.Final.jar:4.1.46.Final]
	at io.netty.util.concurrent.FastThreadLocalRunnable.run(FastThreadLocalRunnable.java:30) ~[netty-common-4.1.46.Final.jar:4.1.46.Final]
	at java.lang.Thread.run(Thread.java:750) [?:1.8.0_402]
[INFO ] 2024-04-09T01:16:22,432Z [nioEventLoopGroup-2-10] netty.AMQPClient. - Retry connect to localhost:10012
[INFO ] 2024-04-09T01:16:22,441Z [nioEventLoopGroup-2-11] netty.AMQPClient. - Failed to connect to localhost:10012
io.netty.channel.AbstractChannel$AnnotatedConnectException: Connection refused: localhost/127.0.0.1:10012
Caused by: java.net.ConnectException: Connection refused
	at sun.nio.ch.SocketChannelImpl.checkConnect(Native Method) ~[?:1.8.0_402]
	at sun.nio.ch.SocketChannelImpl.finishConnect(SocketChannelImpl.java:716) ~[?:1.8.0_402]
	at io.netty.channel.socket.nio.NioSocketChannel.doFinishConnect(NioSocketChannel.java:330) ~[netty-transport-4.1.46.Final.jar:4.1.46.Final]
	at io.netty.channel.nio.AbstractNioChannel$AbstractNioUnsafe.finishConnect(AbstractNioChannel.java:334) ~[netty-transport-4.1.46.Final.jar:4.1.46.Final]
	at io.netty.channel.nio.NioEventLoop.processSelectedKey(NioEventLoop.java:702) ~[netty-transport-4.1.46.Final.jar:4.1.46.Final]
	at io.netty.channel.nio.NioEventLoop.processSelectedKeysOptimized(NioEventLoop.java:650) ~[netty-transport-4.1.46.Final.jar:4.1.46.Final]
	at io.netty.channel.nio.NioEventLoop.processSelectedKeys(NioEventLoop.java:576) ~[netty-transport-4.1.46.Final.jar:4.1.46.Final]
	at io.netty.channel.nio.NioEventLoop.run(NioEventLoop.java:493) ~[netty-transport-4.1.46.Final.jar:4.1.46.Final]
	at io.netty.util.concurrent.SingleThreadEventExecutor$4.run(SingleThreadEventExecutor.java:989) ~[netty-common-4.1.46.Final.jar:4.1.46.Final]
	at io.netty.util.internal.ThreadExecutorMap$2.run(ThreadExecutorMap.java:74) ~[netty-common-4.1.46.Final.jar:4.1.46.Final]
	at io.netty.util.concurrent.FastThreadLocalRunnable.run(FastThreadLocalRunnable.java:30) ~[netty-common-4.1.46.Final.jar:4.1.46.Final]
	at java.lang.Thread.run(Thread.java:750) [?:1.8.0_402]
[INFO ] 2024-04-09T01:16:38,443Z [nioEventLoopGroup-2-12] netty.AMQPClient. - Retry connect to localhost:10012
[INFO ] 2024-04-09T01:16:38,450Z [nioEventLoopGroup-2-13] netty.AMQPClient. - Failed to connect to localhost:10012
io.netty.channel.AbstractChannel$AnnotatedConnectException: Connection refused: localhost/127.0.0.1:10012
Caused by: java.net.ConnectException: Connection refused
	at sun.nio.ch.SocketChannelImpl.checkConnect(Native Method) ~[?:1.8.0_402]
	at sun.nio.ch.SocketChannelImpl.finishConnect(SocketChannelImpl.java:716) ~[?:1.8.0_402]
	at io.netty.channel.socket.nio.NioSocketChannel.doFinishConnect(NioSocketChannel.java:330) ~[netty-transport-4.1.46.Final.jar:4.1.46.Final]
	at io.netty.channel.nio.AbstractNioChannel$AbstractNioUnsafe.finishConnect(AbstractNioChannel.java:334) ~[netty-transport-4.1.46.Final.jar:4.1.46.Final]
	at io.netty.channel.nio.NioEventLoop.processSelectedKey(NioEventLoop.java:702) ~[netty-transport-4.1.46.Final.jar:4.1.46.Final]
	at io.netty.channel.nio.NioEventLoop.processSelectedKeysOptimized(NioEventLoop.java:650) ~[netty-transport-4.1.46.Final.jar:4.1.46.Final]
	at io.netty.channel.nio.NioEventLoop.processSelectedKeys(NioEventLoop.java:576) ~[netty-transport-4.1.46.Final.jar:4.1.46.Final]
	at io.netty.channel.nio.NioEventLoop.run(NioEventLoop.java:493) ~[netty-transport-4.1.46.Final.jar:4.1.46.Final]
	at io.netty.util.concurrent.SingleThreadEventExecutor$4.run(SingleThreadEventExecutor.java:989) ~[netty-common-4.1.46.Final.jar:4.1.46.Final]
	at io.netty.util.internal.ThreadExecutorMap$2.run(ThreadExecutorMap.java:74) ~[netty-common-4.1.46.Final.jar:4.1.46.Final]
	at io.netty.util.concurrent.FastThreadLocalRunnable.run(FastThreadLocalRunnable.java:30) ~[netty-common-4.1.46.Final.jar:4.1.46.Final]
	at java.lang.Thread.run(Thread.java:750) [?:1.8.0_402]
[INFO ] 2024-04-09T01:17:10,452Z [nioEventLoopGroup-2-14] netty.AMQPClient. - Retry connect to localhost:10012
[INFO ] 2024-04-09T01:17:10,459Z [nioEventLoopGroup-2-15] netty.AMQPClient. - Failed to connect to localhost:10012
io.netty.channel.AbstractChannel$AnnotatedConnectException: Connection refused: localhost/127.0.0.1:10012
Caused by: java.net.ConnectException: Connection refused
	at sun.nio.ch.SocketChannelImpl.checkConnect(Native Method) ~[?:1.8.0_402]
	at sun.nio.ch.SocketChannelImpl.finishConnect(SocketChannelImpl.java:716) ~[?:1.8.0_402]
	at io.netty.channel.socket.nio.NioSocketChannel.doFinishConnect(NioSocketChannel.java:330) ~[netty-transport-4.1.46.Final.jar:4.1.46.Final]
	at io.netty.channel.nio.AbstractNioChannel$AbstractNioUnsafe.finishConnect(AbstractNioChannel.java:334) ~[netty-transport-4.1.46.Final.jar:4.1.46.Final]
	at io.netty.channel.nio.NioEventLoop.processSelectedKey(NioEventLoop.java:702) ~[netty-transport-4.1.46.Final.jar:4.1.46.Final]
	at io.netty.channel.nio.NioEventLoop.processSelectedKeysOptimized(NioEventLoop.java:650) ~[netty-transport-4.1.46.Final.jar:4.1.46.Final]
	at io.netty.channel.nio.NioEventLoop.processSelectedKeys(NioEventLoop.java:576) ~[netty-transport-4.1.46.Final.jar:4.1.46.Final]
	at io.netty.channel.nio.NioEventLoop.run(NioEventLoop.java:493) ~[netty-transport-4.1.46.Final.jar:4.1.46.Final]
	at io.netty.util.concurrent.SingleThreadEventExecutor$4.run(SingleThreadEventExecutor.java:989) ~[netty-common-4.1.46.Final.jar:4.1.46.Final]
	at io.netty.util.internal.ThreadExecutorMap$2.run(ThreadExecutorMap.java:74) ~[netty-common-4.1.46.Final.jar:4.1.46.Final]
	at io.netty.util.concurrent.FastThreadLocalRunnable.run(FastThreadLocalRunnable.java:30) ~[netty-common-4.1.46.Final.jar:4.1.46.Final]
	at java.lang.Thread.run(Thread.java:750) [?:1.8.0_402]
[INFO ] 2024-04-09T01:17:17,079Z [pool-13-thread-1] statemachine.FlowMonitor. - Flow with id d393bd7f-1fca-4a3c-ae2d-896e1ae7d802 has been waiting for 64 seconds to receive messages from parties [O=HSBC, L=London, C=GB].
[INFO ] 2024-04-09T01:18:10,460Z [nioEventLoopGroup-2-16] netty.AMQPClient. - Retry connect to localhost:10012
[INFO ] 2024-04-09T01:18:10,466Z [nioEventLoopGroup-2-1] netty.AMQPClient. - Failed to connect to localhost:10012
io.netty.channel.AbstractChannel$AnnotatedConnectException: Connection refused: localhost/127.0.0.1:10012
Caused by: java.net.ConnectException: Connection refused
	at sun.nio.ch.SocketChannelImpl.checkConnect(Native Method) ~[?:1.8.0_402]
	at sun.nio.ch.SocketChannelImpl.finishConnect(SocketChannelImpl.java:716) ~[?:1.8.0_402]
	at io.netty.channel.socket.nio.NioSocketChannel.doFinishConnect(NioSocketChannel.java:330) ~[netty-transport-4.1.46.Final.jar:4.1.46.Final]
	at io.netty.channel.nio.AbstractNioChannel$AbstractNioUnsafe.finishConnect(AbstractNioChannel.java:334) ~[netty-transport-4.1.46.Final.jar:4.1.46.Final]
	at io.netty.channel.nio.NioEventLoop.processSelectedKey(NioEventLoop.java:702) ~[netty-transport-4.1.46.Final.jar:4.1.46.Final]
	at io.netty.channel.nio.NioEventLoop.processSelectedKeysOptimized(NioEventLoop.java:650) ~[netty-transport-4.1.46.Final.jar:4.1.46.Final]
	at io.netty.channel.nio.NioEventLoop.processSelectedKeys(NioEventLoop.java:576) ~[netty-transport-4.1.46.Final.jar:4.1.46.Final]
	at io.netty.channel.nio.NioEventLoop.run(NioEventLoop.java:493) ~[netty-transport-4.1.46.Final.jar:4.1.46.Final]
	at io.netty.util.concurrent.SingleThreadEventExecutor$4.run(SingleThreadEventExecutor.java:989) ~[netty-common-4.1.46.Final.jar:4.1.46.Final]
	at io.netty.util.internal.ThreadExecutorMap$2.run(ThreadExecutorMap.java:74) ~[netty-common-4.1.46.Final.jar:4.1.46.Final]
	at io.netty.util.concurrent.FastThreadLocalRunnable.run(FastThreadLocalRunnable.java:30) ~[netty-common-4.1.46.Final.jar:4.1.46.Final]
	at java.lang.Thread.run(Thread.java:750) [?:1.8.0_402]
[INFO ] 2024-04-09T01:18:17,073Z [pool-13-thread-1] statemachine.FlowMonitor. - Flow with id d393bd7f-1fca-4a3c-ae2d-896e1ae7d802 has been waiting for 124 seconds to receive messages from parties [O=HSBC, L=London, C=GB].
[INFO ] 2024-04-09T01:19:10,467Z [nioEventLoopGroup-2-4] netty.AMQPClient. - Retry connect to localhost:10012
[INFO ] 2024-04-09T01:19:10,474Z [nioEventLoopGroup-2-2] netty.AMQPClient. - Failed to connect to localhost:10012
io.netty.channel.AbstractChannel$AnnotatedConnectException: Connection refused: localhost/127.0.0.1:10012
Caused by: java.net.ConnectException: Connection refused
	at sun.nio.ch.SocketChannelImpl.checkConnect(Native Method) ~[?:1.8.0_402]
	at sun.nio.ch.SocketChannelImpl.finishConnect(SocketChannelImpl.java:716) ~[?:1.8.0_402]
	at io.netty.channel.socket.nio.NioSocketChannel.doFinishConnect(NioSocketChannel.java:330) ~[netty-transport-4.1.46.Final.jar:4.1.46.Final]
	at io.netty.channel.nio.AbstractNioChannel$AbstractNioUnsafe.finishConnect(AbstractNioChannel.java:334) ~[netty-transport-4.1.46.Final.jar:4.1.46.Final]
	at io.netty.channel.nio.NioEventLoop.processSelectedKey(NioEventLoop.java:702) ~[netty-transport-4.1.46.Final.jar:4.1.46.Final]
	at io.netty.channel.nio.NioEventLoop.processSelectedKeysOptimized(NioEventLoop.java:650) ~[netty-transport-4.1.46.Final.jar:4.1.46.Final]
	at io.netty.channel.nio.NioEventLoop.processSelectedKeys(NioEventLoop.java:576) ~[netty-transport-4.1.46.Final.jar:4.1.46.Final]
	at io.netty.channel.nio.NioEventLoop.run(NioEventLoop.java:493) ~[netty-transport-4.1.46.Final.jar:4.1.46.Final]
	at io.netty.util.concurrent.SingleThreadEventExecutor$4.run(SingleThreadEventExecutor.java:989) ~[netty-common-4.1.46.Final.jar:4.1.46.Final]
	at io.netty.util.internal.ThreadExecutorMap$2.run(ThreadExecutorMap.java:74) ~[netty-common-4.1.46.Final.jar:4.1.46.Final]
	at io.netty.util.concurrent.FastThreadLocalRunnable.run(FastThreadLocalRunnable.java:30) ~[netty-common-4.1.46.Final.jar:4.1.46.Final]
	at java.lang.Thread.run(Thread.java:750) [?:1.8.0_402]
[INFO ] 2024-04-09T01:19:17,077Z [pool-13-thread-1] statemachine.FlowMonitor. - Flow with id d393bd7f-1fca-4a3c-ae2d-896e1ae7d802 has been waiting for 184 seconds to receive messages from parties [O=HSBC, L=London, C=GB].
[INFO ] 2024-04-09T01:20:10,475Z [nioEventLoopGroup-2-3] netty.AMQPClient. - Retry connect to localhost:10012
[INFO ] 2024-04-09T01:20:10,480Z [nioEventLoopGroup-2-5] netty.AMQPClient. - Failed to connect to localhost:10012
io.netty.channel.AbstractChannel$AnnotatedConnectException: Connection refused: localhost/127.0.0.1:10012
Caused by: java.net.ConnectException: Connection refused
	at sun.nio.ch.SocketChannelImpl.checkConnect(Native Method) ~[?:1.8.0_402]
	at sun.nio.ch.SocketChannelImpl.finishConnect(SocketChannelImpl.java:716) ~[?:1.8.0_402]
	at io.netty.channel.socket.nio.NioSocketChannel.doFinishConnect(NioSocketChannel.java:330) ~[netty-transport-4.1.46.Final.jar:4.1.46.Final]
	at io.netty.channel.nio.AbstractNioChannel$AbstractNioUnsafe.finishConnect(AbstractNioChannel.java:334) ~[netty-transport-4.1.46.Final.jar:4.1.46.Final]
	at io.netty.channel.nio.NioEventLoop.processSelectedKey(NioEventLoop.java:702) ~[netty-transport-4.1.46.Final.jar:4.1.46.Final]
	at io.netty.channel.nio.NioEventLoop.processSelectedKeysOptimized(NioEventLoop.java:650) ~[netty-transport-4.1.46.Final.jar:4.1.46.Final]
	at io.netty.channel.nio.NioEventLoop.processSelectedKeys(NioEventLoop.java:576) ~[netty-transport-4.1.46.Final.jar:4.1.46.Final]
	at io.netty.channel.nio.NioEventLoop.run(NioEventLoop.java:493) ~[netty-transport-4.1.46.Final.jar:4.1.46.Final]
	at io.netty.util.concurrent.SingleThreadEventExecutor$4.run(SingleThreadEventExecutor.java:989) ~[netty-common-4.1.46.Final.jar:4.1.46.Final]
	at io.netty.util.internal.ThreadExecutorMap$2.run(ThreadExecutorMap.java:74) ~[netty-common-4.1.46.Final.jar:4.1.46.Final]
	at io.netty.util.concurrent.FastThreadLocalRunnable.run(FastThreadLocalRunnable.java:30) ~[netty-common-4.1.46.Final.jar:4.1.46.Final]
	at java.lang.Thread.run(Thread.java:750) [?:1.8.0_402]
[INFO ] 2024-04-09T01:20:17,076Z [pool-13-thread-1] statemachine.FlowMonitor. - Flow with id d393bd7f-1fca-4a3c-ae2d-896e1ae7d802 has been waiting for 244 seconds to receive messages from parties [O=HSBC, L=London, C=GB].
[INFO ] 2024-04-09T01:21:10,481Z [nioEventLoopGroup-2-6] netty.AMQPClient. - Retry connect to localhost:10012
[INFO ] 2024-04-09T01:21:10,486Z [nioEventLoopGroup-2-7] netty.AMQPClient. - Failed to connect to localhost:10012
io.netty.channel.AbstractChannel$AnnotatedConnectException: Connection refused: localhost/127.0.0.1:10012
Caused by: java.net.ConnectException: Connection refused
	at sun.nio.ch.SocketChannelImpl.checkConnect(Native Method) ~[?:1.8.0_402]
	at sun.nio.ch.SocketChannelImpl.finishConnect(SocketChannelImpl.java:716) ~[?:1.8.0_402]
	at io.netty.channel.socket.nio.NioSocketChannel.doFinishConnect(NioSocketChannel.java:330) ~[netty-transport-4.1.46.Final.jar:4.1.46.Final]
	at io.netty.channel.nio.AbstractNioChannel$AbstractNioUnsafe.finishConnect(AbstractNioChannel.java:334) ~[netty-transport-4.1.46.Final.jar:4.1.46.Final]
	at io.netty.channel.nio.NioEventLoop.processSelectedKey(NioEventLoop.java:702) ~[netty-transport-4.1.46.Final.jar:4.1.46.Final]
	at io.netty.channel.nio.NioEventLoop.processSelectedKeysOptimized(NioEventLoop.java:650) ~[netty-transport-4.1.46.Final.jar:4.1.46.Final]
	at io.netty.channel.nio.NioEventLoop.processSelectedKeys(NioEventLoop.java:576) ~[netty-transport-4.1.46.Final.jar:4.1.46.Final]
	at io.netty.channel.nio.NioEventLoop.run(NioEventLoop.java:493) ~[netty-transport-4.1.46.Final.jar:4.1.46.Final]
	at io.netty.util.concurrent.SingleThreadEventExecutor$4.run(SingleThreadEventExecutor.java:989) ~[netty-common-4.1.46.Final.jar:4.1.46.Final]
	at io.netty.util.internal.ThreadExecutorMap$2.run(ThreadExecutorMap.java:74) ~[netty-common-4.1.46.Final.jar:4.1.46.Final]
	at io.netty.util.concurrent.FastThreadLocalRunnable.run(FastThreadLocalRunnable.java:30) ~[netty-common-4.1.46.Final.jar:4.1.46.Final]
	at java.lang.Thread.run(Thread.java:750) [?:1.8.0_402]
[INFO ] 2024-04-09T01:21:17,074Z [pool-13-thread-1] statemachine.FlowMonitor. - Flow with id d393bd7f-1fca-4a3c-ae2d-896e1ae7d802 has been waiting for 304 seconds to receive messages from parties [O=HSBC, L=London, C=GB].
[INFO ] 2024-04-09T01:22:10,404Z [nioEventLoopGroup-2-8] netty.AMQPClient. - Retry connect to localhost:10012
[INFO ] 2024-04-09T01:22:10,445Z [nioEventLoopGroup-2-9] netty.AMQPClient. - Failed to connect to localhost:10012
io.netty.channel.AbstractChannel$AnnotatedConnectException: Connection refused: localhost/127.0.0.1:10012
Caused by: java.net.ConnectException: Connection refused
	at sun.nio.ch.SocketChannelImpl.checkConnect(Native Method) ~[?:1.8.0_402]
	at sun.nio.ch.SocketChannelImpl.finishConnect(SocketChannelImpl.java:716) ~[?:1.8.0_402]
	at io.netty.channel.socket.nio.NioSocketChannel.doFinishConnect(NioSocketChannel.java:330) ~[netty-transport-4.1.46.Final.jar:4.1.46.Final]
	at io.netty.channel.nio.AbstractNioChannel$AbstractNioUnsafe.finishConnect(AbstractNioChannel.java:334) ~[netty-transport-4.1.46.Final.jar:4.1.46.Final]
	at io.netty.channel.nio.NioEventLoop.processSelectedKey(NioEventLoop.java:702) ~[netty-transport-4.1.46.Final.jar:4.1.46.Final]
	at io.netty.channel.nio.NioEventLoop.processSelectedKeysOptimized(NioEventLoop.java:650) ~[netty-transport-4.1.46.Final.jar:4.1.46.Final]
	at io.netty.channel.nio.NioEventLoop.processSelectedKeys(NioEventLoop.java:576) ~[netty-transport-4.1.46.Final.jar:4.1.46.Final]
	at io.netty.channel.nio.NioEventLoop.run(NioEventLoop.java:493) ~[netty-transport-4.1.46.Final.jar:4.1.46.Final]
	at io.netty.util.concurrent.SingleThreadEventExecutor$4.run(SingleThreadEventExecutor.java:989) ~[netty-common-4.1.46.Final.jar:4.1.46.Final]
	at io.netty.util.internal.ThreadExecutorMap$2.run(ThreadExecutorMap.java:74) ~[netty-common-4.1.46.Final.jar:4.1.46.Final]
	at io.netty.util.concurrent.FastThreadLocalRunnable.run(FastThreadLocalRunnable.java:30) ~[netty-common-4.1.46.Final.jar:4.1.46.Final]
	at java.lang.Thread.run(Thread.java:750) [?:1.8.0_402]
[INFO ] 2024-04-09T01:22:16,990Z [pool-13-thread-1] statemachine.FlowMonitor. - Flow with id d393bd7f-1fca-4a3c-ae2d-896e1ae7d802 has been waiting for 364 seconds to receive messages from parties [O=HSBC, L=London, C=GB].
[WARN ] 2024-04-09T01:24:16,076Z [HikariPool-1 housekeeper] pool.HikariPool. - HikariPool-1 - Thread starvation or clock leap detected (housekeeper delta=1m53s712ms).
[INFO ] 2024-04-09T01:24:17,121Z [nioEventLoopGroup-2-10] netty.AMQPClient. - Retry connect to localhost:10012
[WARN ] 2024-04-09T01:24:17,284Z [Thread-48 (ActiveMQ-server-org.apache.activemq.artemis.core.server.impl.ActiveMQServerImpl$5@2c9573f1)] core.client. - AMQ212037: Connection failure has been detected: AMQ119014: Did not receive data from /127.0.0.1:52999 within the 60,000ms connection TTL. The connection will now be closed. [code=CONNECTION_TIMEDOUT]
[WARN ] 2024-04-09T01:24:17,284Z [Thread-62 (ActiveMQ-server-org.apache.activemq.artemis.core.server.impl.ActiveMQServerImpl$5@6508e82)] core.client. - AMQ212037: Connection failure has been detected: AMQ119014: Did not receive data from /127.0.0.1:52908 within the 60,000ms connection TTL. The connection will now be closed. [code=CONNECTION_TIMEDOUT]
[INFO ] 2024-04-09T01:24:18,356Z [nioEventLoopGroup-2-11] netty.AMQPClient. - Failed to connect to localhost:10012
io.netty.channel.AbstractChannel$AnnotatedConnectException: Connection refused: localhost/127.0.0.1:10012
Caused by: java.net.ConnectException: Connection refused
	at sun.nio.ch.SocketChannelImpl.checkConnect(Native Method) ~[?:1.8.0_402]
	at sun.nio.ch.SocketChannelImpl.finishConnect(SocketChannelImpl.java:716) ~[?:1.8.0_402]
	at io.netty.channel.socket.nio.NioSocketChannel.doFinishConnect(NioSocketChannel.java:330) ~[netty-transport-4.1.46.Final.jar:4.1.46.Final]
	at io.netty.channel.nio.AbstractNioChannel$AbstractNioUnsafe.finishConnect(AbstractNioChannel.java:334) ~[netty-transport-4.1.46.Final.jar:4.1.46.Final]
	at io.netty.channel.nio.NioEventLoop.processSelectedKey(NioEventLoop.java:702) ~[netty-transport-4.1.46.Final.jar:4.1.46.Final]
	at io.netty.channel.nio.NioEventLoop.processSelectedKeysOptimized(NioEventLoop.java:650) ~[netty-transport-4.1.46.Final.jar:4.1.46.Final]
	at io.netty.channel.nio.NioEventLoop.processSelectedKeys(NioEventLoop.java:576) ~[netty-transport-4.1.46.Final.jar:4.1.46.Final]
	at io.netty.channel.nio.NioEventLoop.run(NioEventLoop.java:493) ~[netty-transport-4.1.46.Final.jar:4.1.46.Final]
	at io.netty.util.concurrent.SingleThreadEventExecutor$4.run(SingleThreadEventExecutor.java:989) ~[netty-common-4.1.46.Final.jar:4.1.46.Final]
	at io.netty.util.internal.ThreadExecutorMap$2.run(ThreadExecutorMap.java:74) ~[netty-common-4.1.46.Final.jar:4.1.46.Final]
	at io.netty.util.concurrent.FastThreadLocalRunnable.run(FastThreadLocalRunnable.java:30) ~[netty-common-4.1.46.Final.jar:4.1.46.Final]
	at java.lang.Thread.run(Thread.java:750) [?:1.8.0_402]
[WARN ] 2024-04-09T01:24:18,418Z [Thread-51 (ActiveMQ-client-global-threads)] internal.RPCClientProxyHandler. - Terminating observables.
[INFO ] 2024-04-09T01:24:18,432Z [Thread-53 (ActiveMQ-client-global-threads)] rpc.RPCServer. - Detected RPC client disconnect on address rpc.client.internalShell.7221731867569676135, scheduling for reaping
[INFO ] 2024-04-09T01:24:18,532Z [nioEventLoopGroup-2-2] netty.AMQPClient. - Disconnected from localhost:10002, Local address: /127.0.0.1:53024
[INFO ] 2024-04-09T01:24:18,567Z [nioEventLoopGroup-2-2] netty.AMQPChannelHandler. - Closed client connection c13fb8cb from localhost/127.0.0.1:10002 to /127.0.0.1:53024 {allowedRemoteLegalNames=O=Notary, L=London, C=GB, localCert=O=UK Mint, L=London, C=GB, remoteAddress=localhost/127.0.0.1:10002, remoteCert=O=Notary, L=London, C=GB, serverMode=false}
[ERROR] 2024-04-09T01:24:18,572Z [Thread-14] errorAndTerminate. - ArtemisMessagingClient failed. Shutting down.
[INFO ] 2024-04-09T01:24:18,575Z [nioEventLoopGroup-2-2] bridging.AMQPBridgeManager$AMQPBridge. - Bridge Disconnected {legalNames=O=Notary, L=London, C=GB, maxMessageSize=10485760, queueName=internal.peers.DLEoBArD6Xk1T4Jm2fDZYEZb8rjWhiVE7b8drsKVGB3pBG, source=O=UK Mint, L=London, C=GB, targets=localhost:10002}
[WARN ] 2024-04-09T01:24:18,593Z [Thread-48 (ActiveMQ-server-org.apache.activemq.artemis.core.server.impl.ActiveMQServerImpl$5@2c9573f1)] core.client. - AMQ212037: Connection failure has been detected: AMQ119014: Did not receive data from /127.0.0.1:52928 within the 60,000ms connection TTL. The connection will now be closed. [code=CONNECTION_TIMEDOUT]
[INFO ] 2024-04-09T01:24:18,593Z [nioEventLoopGroup-2-4] bridging.AMQPBridgeManager$AMQPBridge. - Stopping Artemis because AMQP bridge disconnected {legalNames=O=Notary, L=London, C=GB, maxMessageSize=10485760, queueName=internal.peers.DLEoBArD6Xk1T4Jm2fDZYEZb8rjWhiVE7b8drsKVGB3pBG, source=O=UK Mint, L=London, C=GB, targets=localhost:10002}
[INFO ] 2024-04-09T01:24:18,599Z [nioEventLoopGroup-2-2] engine.ConnectionStateMachine. - Connection local close [id: 0xc13fb8cb, L:/127.0.0.1:53024 ! R:localhost/127.0.0.1:10002] {conn=[id: 0xc13fb8cb, L:/127.0.0.1:53024 ! R:localhost/127.0.0.1:10002], localLegalName=O=UK Mint, L=London, C=GB, remoteLegalName=O=Notary, L=London, C=GB, serverMode=false}
[INFO ] 2024-04-09T01:24:18,625Z [nioEventLoopGroup-2-2] engine.ConnectionStateMachine. - Transport Error <n/a> {conn=[id: 0xc13fb8cb, L:/127.0.0.1:53024 ! R:localhost/127.0.0.1:10002], localLegalName=O=UK Mint, L=London, C=GB, remoteLegalName=O=Notary, L=London, C=GB, serverMode=false}
[INFO ] 2024-04-09T01:24:18,625Z [nioEventLoopGroup-2-2] engine.ConnectionStateMachine. - Error: connection aborted {conn=[id: 0xc13fb8cb, L:/127.0.0.1:53024 ! R:localhost/127.0.0.1:10002], localLegalName=O=UK Mint, L=London, C=GB, remoteLegalName=O=Notary, L=London, C=GB, serverMode=false}
[INFO ] 2024-04-09T01:24:18,659Z [nioEventLoopGroup-2-2] engine.ConnectionStateMachine. - Connection unbound [id: 0xc13fb8cb, L:/127.0.0.1:53024 ! R:localhost/127.0.0.1:10002] {conn=[id: 0xc13fb8cb, L:/127.0.0.1:53024 ! R:localhost/127.0.0.1:10002], localLegalName=O=UK Mint, L=London, C=GB, remoteLegalName=O=Notary, L=London, C=GB, serverMode=false}
[WARN ] 2024-04-09T01:24:18,972Z [Thread-62 (ActiveMQ-server-org.apache.activemq.artemis.core.server.impl.ActiveMQServerImpl$5@6508e82)] core.client. - AMQ212037: Connection failure has been detected: AMQ119014: Did not receive data from /127.0.0.1:52909 within the 60,000ms connection TTL. The connection will now be closed. [code=CONNECTION_TIMEDOUT]
[WARN ] 2024-04-09T01:24:18,983Z [Thread-62 (ActiveMQ-server-org.apache.activemq.artemis.core.server.impl.ActiveMQServerImpl$5@6508e82)] core.client. - AMQ212037: Connection failure has been detected: AMQ119014: Did not receive data from /127.0.0.1:52905 within the 60,000ms connection TTL. The connection will now be closed. [code=CONNECTION_TIMEDOUT]
[INFO ] 2024-04-09T01:24:19,367Z [Thread-51 (ActiveMQ-client-global-threads)] internal.RPCClientProxyHandler. - RPC server available.
[INFO ] 2024-04-09T01:24:19,600Z [nioEventLoopGroup-2-13] netty.AMQPClient. - Retry connect to localhost:10002
[INFO ] 2024-04-09T01:24:19,614Z [nioEventLoopGroup-2-14] netty.AMQPClient. - Connected to localhost:10002, Local address: /127.0.0.1:53227
[INFO ] 2024-04-09T01:24:19,625Z [nioEventLoopGroup-2-14] netty.AMQPChannelHandler. - New client connection 1f7e68de from localhost/127.0.0.1:10002 to /127.0.0.1:53227 {allowedRemoteLegalNames=O=Notary, L=London, C=GB, localCert=null, remoteAddress=localhost/127.0.0.1:10002, remoteCert=null, serverMode=false}
[INFO ] 2024-04-09T01:24:19,730Z [nioEventLoopGroup-2-14] netty.LoggingTrustManagerWrapper. - Check Server Certpath:
  C=GB,L=London,O=Notary[991713594971B6F6F952AB591026026B451C73F2] issued by C=GB,L=London,O=Notary[4619E10C70310F46B8A176C5992FC0A796F746BB] [NO CRLDP ext]
  C=GB,L=London,O=Notary[4619E10C70310F46B8A176C5992FC0A796F746BB] issued by C=US,L=New York,OU=Corda,O=R3 HoldCo LLC,CN=Corda Doorman CA[EBEE2E30152940AE19981ED86FE37D7F07A2C213] [NO CRLDP ext]
  C=US,L=New York,OU=Corda,O=R3 HoldCo LLC,CN=Corda Doorman CA[EBEE2E30152940AE19981ED86FE37D7F07A2C213] issued by CN=Corda Node Root CA,O=R3,OU=corda,L=London,C=UK[7CAEA9DFB948012B13890B9AE645851C39170773] [NO CRLDP ext]
  CN=Corda Node Root CA,O=R3,OU=corda,L=London,C=UK[7CAEA9DFB948012B13890B9AE645851C39170773] issued by CN=Corda Node Root CA,O=R3,OU=corda,L=London,C=UK[null] [NO CRLDP ext]
[INFO ] 2024-04-09T01:24:20,018Z [nioEventLoopGroup-2-14] netty.LoggingImmediateExecutor. - Command: [io.netty.handler.ssl.SslHandler.SslTasksRunner] took 307 millis to execute
[INFO ] 2024-04-09T01:24:20,258Z [nioEventLoopGroup-2-14] netty.AMQPChannelHandler. - Handshake completed with subject: O=Notary, L=London, C=GB, requested server name: 6c8fe8aedf1407f079392640a80b6140.corda.net. {allowedRemoteLegalNames=O=Notary, L=London, C=GB, localCert=O=UK Mint, L=London, C=GB, remoteAddress=localhost/127.0.0.1:10002, remoteCert=O=Notary, L=London, C=GB, serverMode=false}
[INFO ] 2024-04-09T01:24:20,267Z [nioEventLoopGroup-2-14] bridging.AMQPBridgeManager$AMQPBridge. - Bridge Connected {legalNames=O=Notary, L=London, C=GB, maxMessageSize=10485760, queueName=internal.peers.DLEoBArD6Xk1T4Jm2fDZYEZb8rjWhiVE7b8drsKVGB3pBG, source=O=UK Mint, L=London, C=GB, targets=localhost:10002}
[INFO ] 2024-04-09T01:24:20,267Z [nioEventLoopGroup-2-14] engine.ConnectionStateMachine. - Connection local open [id: 0x1f7e68de, L:/127.0.0.1:53227 - R:localhost/127.0.0.1:10002] {conn=[id: 0x1f7e68de, L:/127.0.0.1:53227 - R:localhost/127.0.0.1:10002], localLegalName=O=UK Mint, L=London, C=GB, remoteLegalName=O=Notary, L=London, C=GB, serverMode=false}
[INFO ] 2024-04-09T01:24:23,489Z [pool-13-thread-1] statemachine.FlowMonitor. - Flow with id d393bd7f-1fca-4a3c-ae2d-896e1ae7d802 has been waiting for 491 seconds to receive messages from parties [O=HSBC, L=London, C=GB].
[INFO ] 2024-04-09T01:24:23,610Z [nioEventLoopGroup-2-4] bridging.AMQPBridgeManager$AMQPBridge. - Bridge Connected so starting Artemis {legalNames=O=Notary, L=London, C=GB, maxMessageSize=10485760, queueName=internal.peers.DLEoBArD6Xk1T4Jm2fDZYEZb8rjWhiVE7b8drsKVGB3pBG, source=O=UK Mint, L=London, C=GB, targets=localhost:10002}
[INFO ] 2024-04-09T01:24:23,611Z [nioEventLoopGroup-2-4] bridging.AMQPBridgeManager$AMQPBridge. - Creating session and consumer. {legalNames=O=Notary, L=London, C=GB, maxMessageSize=10485760, queueName=internal.peers.DLEoBArD6Xk1T4Jm2fDZYEZb8rjWhiVE7b8drsKVGB3pBG, source=O=UK Mint, L=London, C=GB, targets=localhost:10002}
